{"/home/die/projects/workload/backend/src/application/services/AbsenceService.js": {"path":"/home/die/projects/workload/backend/src/application/services/AbsenceService.js","statementMap":{"0":{"start":{"line":7,"column":8},"end":{"line":7,"column":null}},"1":{"start":{"line":8,"column":8},"end":{"line":8,"column":null}},"2":{"start":{"line":9,"column":8},"end":{"line":9,"column":null}},"3":{"start":{"line":12,"column":30},"end":{"line":12,"column":67}},"4":{"start":{"line":13,"column":36},"end":{"line":13,"column":75}},"5":{"start":{"line":14,"column":40},"end":{"line":14,"column":83}},"6":{"start":{"line":15,"column":34},"end":{"line":15,"column":71}},"7":{"start":{"line":17,"column":33},"end":{"line":17,"column":77}},"8":{"start":{"line":20,"column":29},"end":{"line":20,"column":null}},"9":{"start":{"line":22,"column":8},"end":{"line":30,"column":null}},"10":{"start":{"line":34,"column":8},"end":{"line":34,"column":null}},"11":{"start":{"line":38,"column":8},"end":{"line":38,"column":null}},"12":{"start":{"line":42,"column":29},"end":{"line":42,"column":null}},"13":{"start":{"line":43,"column":21},"end":{"line":43,"column":null}},"14":{"start":{"line":45,"column":8},"end":{"line":45,"column":null}},"15":{"start":{"line":45,"column":59},"end":{"line":45,"column":null}},"16":{"start":{"line":46,"column":8},"end":{"line":46,"column":null}},"17":{"start":{"line":46,"column":59},"end":{"line":46,"column":null}},"18":{"start":{"line":48,"column":8},"end":{"line":48,"column":null}},"19":{"start":{"line":50,"column":8},"end":{"line":52,"column":null}},"20":{"start":{"line":56,"column":22},"end":{"line":56,"column":null}},"21":{"start":{"line":57,"column":20},"end":{"line":57,"column":null}},"22":{"start":{"line":58,"column":29},"end":{"line":58,"column":null}},"23":{"start":{"line":60,"column":23},"end":{"line":60,"column":null}},"24":{"start":{"line":61,"column":8},"end":{"line":72,"column":null}},"25":{"start":{"line":62,"column":23},"end":{"line":62,"column":null}},"26":{"start":{"line":63,"column":12},"end":{"line":71,"column":null}},"27":{"start":{"line":64,"column":17},"end":{"line":70,"column":null}},"28":{"start":{"line":65,"column":33},"end":{"line":65,"column":null}},"29":{"start":{"line":66,"column":21},"end":{"line":68,"column":null}},"30":{"start":{"line":67,"column":25},"end":{"line":67,"column":null}},"31":{"start":{"line":67,"column":31},"end":{"line":67,"column":56}},"32":{"start":{"line":67,"column":67},"end":{"line":67,"column":77}},"33":{"start":{"line":69,"column":21},"end":{"line":69,"column":null}},"34":{"start":{"line":69,"column":66},"end":{"line":69,"column":72}},"35":{"start":{"line":74,"column":20},"end":{"line":74,"column":null}},"36":{"start":{"line":75,"column":22},"end":{"line":75,"column":null}},"37":{"start":{"line":76,"column":8},"end":{"line":85,"column":null}},"38":{"start":{"line":77,"column":30},"end":{"line":77,"column":null}},"39":{"start":{"line":78,"column":30},"end":{"line":78,"column":null}},"40":{"start":{"line":79,"column":30},"end":{"line":79,"column":null}},"41":{"start":{"line":81,"column":12},"end":{"line":83,"column":null}},"42":{"start":{"line":82,"column":16},"end":{"line":82,"column":null}},"43":{"start":{"line":84,"column":12},"end":{"line":84,"column":null}},"44":{"start":{"line":86,"column":8},"end":{"line":86,"column":null}}},"fnMap":{"0":{"name":"(anonymous_0)","decl":{"start":{"line":6,"column":4},"end":{"line":6,"column":15}},"loc":{"start":{"line":6,"column":35},"end":{"line":10,"column":null}},"line":6},"1":{"name":"(anonymous_1)","decl":{"start":{"line":12,"column":10},"end":{"line":12,"column":25}},"loc":{"start":{"line":12,"column":28},"end":{"line":12,"column":null}},"line":12},"2":{"name":"(anonymous_2)","decl":{"start":{"line":13,"column":10},"end":{"line":13,"column":27}},"loc":{"start":{"line":13,"column":34},"end":{"line":13,"column":null}},"line":13},"3":{"name":"(anonymous_3)","decl":{"start":{"line":14,"column":10},"end":{"line":14,"column":27}},"loc":{"start":{"line":14,"column":38},"end":{"line":14,"column":null}},"line":14},"4":{"name":"(anonymous_4)","decl":{"start":{"line":15,"column":10},"end":{"line":15,"column":27}},"loc":{"start":{"line":15,"column":32},"end":{"line":15,"column":null}},"line":15},"5":{"name":"(anonymous_5)","decl":{"start":{"line":17,"column":10},"end":{"line":17,"column":21}},"loc":{"start":{"line":17,"column":31},"end":{"line":17,"column":null}},"line":17},"6":{"name":"(anonymous_6)","decl":{"start":{"line":19,"column":10},"end":{"line":19,"column":24}},"loc":{"start":{"line":19,"column":81},"end":{"line":31,"column":null}},"line":19},"7":{"name":"(anonymous_7)","decl":{"start":{"line":33,"column":10},"end":{"line":33,"column":29}},"loc":{"start":{"line":33,"column":42},"end":{"line":35,"column":null}},"line":33},"8":{"name":"(anonymous_8)","decl":{"start":{"line":37,"column":10},"end":{"line":37,"column":23}},"loc":{"start":{"line":37,"column":28},"end":{"line":39,"column":null}},"line":37},"9":{"name":"(anonymous_9)","decl":{"start":{"line":41,"column":10},"end":{"line":41,"column":42}},"loc":{"start":{"line":41,"column":71},"end":{"line":53,"column":null}},"line":41},"10":{"name":"(anonymous_10)","decl":{"start":{"line":55,"column":10},"end":{"line":55,"column":31}},"loc":{"start":{"line":55,"column":66},"end":{"line":87,"column":null}},"line":55},"11":{"name":"(anonymous_11)","decl":{"start":{"line":64,"column":62},"end":{"line":64,"column":63}},"loc":{"start":{"line":64,"column":67},"end":{"line":70,"column":18}},"line":64},"12":{"name":"(anonymous_12)","decl":{"start":{"line":69,"column":61},"end":{"line":69,"column":62}},"loc":{"start":{"line":69,"column":66},"end":{"line":69,"column":72}},"line":69}},"branchMap":{"0":{"loc":{"start":{"line":6,"column":16},"end":{"line":6,"column":33}},"type":"default-arg","locations":[{"start":{"line":6,"column":31},"end":{"line":6,"column":33}}],"line":6},"1":{"loc":{"start":{"line":7,"column":26},"end":{"line":7,"column":null}},"type":"binary-expr","locations":[{"start":{"line":7,"column":26},"end":{"line":7,"column":46}},{"start":{"line":7,"column":50},"end":{"line":7,"column":null}}],"line":7},"2":{"loc":{"start":{"line":8,"column":32},"end":{"line":8,"column":null}},"type":"binary-expr","locations":[{"start":{"line":8,"column":32},"end":{"line":8,"column":57}},{"start":{"line":8,"column":61},"end":{"line":8,"column":null}}],"line":8},"3":{"loc":{"start":{"line":9,"column":30},"end":{"line":9,"column":null}},"type":"binary-expr","locations":[{"start":{"line":9,"column":30},"end":{"line":9,"column":53}},{"start":{"line":9,"column":57},"end":{"line":9,"column":null}}],"line":9},"4":{"loc":{"start":{"line":43,"column":21},"end":{"line":43,"column":null}},"type":"binary-expr","locations":[{"start":{"line":43,"column":21},"end":{"line":43,"column":53}},{"start":{"line":43,"column":57},"end":{"line":43,"column":null}}],"line":43},"5":{"loc":{"start":{"line":45,"column":8},"end":{"line":45,"column":null}},"type":"if","locations":[{"start":{"line":45,"column":8},"end":{"line":45,"column":null}},{"start":{},"end":{}}],"line":45},"6":{"loc":{"start":{"line":45,"column":12},"end":{"line":45,"column":57}},"type":"binary-expr","locations":[{"start":{"line":45,"column":12},"end":{"line":45,"column":38}},{"start":{"line":45,"column":42},"end":{"line":45,"column":57}}],"line":45},"7":{"loc":{"start":{"line":46,"column":8},"end":{"line":46,"column":null}},"type":"if","locations":[{"start":{"line":46,"column":8},"end":{"line":46,"column":null}},{"start":{},"end":{}}],"line":46},"8":{"loc":{"start":{"line":46,"column":12},"end":{"line":46,"column":57}},"type":"binary-expr","locations":[{"start":{"line":46,"column":12},"end":{"line":46,"column":38}},{"start":{"line":46,"column":42},"end":{"line":46,"column":57}}],"line":46},"9":{"loc":{"start":{"line":61,"column":8},"end":{"line":72,"column":null}},"type":"if","locations":[{"start":{"line":61,"column":8},"end":{"line":72,"column":null}},{"start":{},"end":{}}],"line":61},"10":{"loc":{"start":{"line":63,"column":12},"end":{"line":71,"column":null}},"type":"if","locations":[{"start":{"line":63,"column":12},"end":{"line":71,"column":null}},{"start":{},"end":{}}],"line":63},"11":{"loc":{"start":{"line":63,"column":16},"end":{"line":63,"column":47}},"type":"binary-expr","locations":[{"start":{"line":63,"column":16},"end":{"line":63,"column":18}},{"start":{"line":63,"column":22},"end":{"line":63,"column":47}}],"line":63},"12":{"loc":{"start":{"line":66,"column":21},"end":{"line":68,"column":null}},"type":"if","locations":[{"start":{"line":66,"column":21},"end":{"line":68,"column":null}},{"start":{},"end":{}}],"line":66},"13":{"loc":{"start":{"line":69,"column":28},"end":{"line":69,"column":null}},"type":"cond-expr","locations":[{"start":{"line":69,"column":51},"end":{"line":69,"column":73}},{"start":{"line":69,"column":76},"end":{"line":69,"column":null}}],"line":69},"14":{"loc":{"start":{"line":78,"column":30},"end":{"line":78,"column":null}},"type":"binary-expr","locations":[{"start":{"line":78,"column":30},"end":{"line":78,"column":45}},{"start":{"line":78,"column":49},"end":{"line":78,"column":null}}],"line":78},"15":{"loc":{"start":{"line":81,"column":12},"end":{"line":83,"column":null}},"type":"if","locations":[{"start":{"line":81,"column":12},"end":{"line":83,"column":null}},{"start":{},"end":{}}],"line":81},"16":{"loc":{"start":{"line":81,"column":16},"end":{"line":81,"column":40}},"type":"binary-expr","locations":[{"start":{"line":81,"column":16},"end":{"line":81,"column":26}},{"start":{"line":81,"column":30},"end":{"line":81,"column":40}}],"line":81}},"s":{"0":8,"1":8,"2":8,"3":1,"4":1,"5":1,"6":1,"7":1,"8":1,"9":1,"10":1,"11":1,"12":1,"13":1,"14":1,"15":0,"16":1,"17":0,"18":1,"19":1,"20":3,"21":3,"22":3,"23":3,"24":3,"25":1,"26":1,"27":1,"28":1,"29":1,"30":0,"31":0,"32":0,"33":1,"34":1,"35":3,"36":3,"37":3,"38":13,"39":13,"40":13,"41":13,"42":10,"43":13,"44":3},"f":{"0":8,"1":1,"2":1,"3":1,"4":1,"5":1,"6":1,"7":1,"8":1,"9":1,"10":3,"11":1,"12":1},"b":{"0":[8],"1":[8,0],"2":[8,0],"3":[8,0],"4":[1,0],"5":[0,1],"6":[1,1],"7":[0,1],"8":[1,1],"9":[1,2],"10":[1,0],"11":[1,1],"12":[0,1],"13":[1,0],"14":[13,12],"15":[10,3],"16":[13,11]},"meta":{"lastBranch":17,"lastFunction":13,"lastStatement":45,"seen":{"f:6:4:6:15":0,"b:6:31:6:33":0,"s:7:8:7:Infinity":0,"b:7:26:7:46:7:50:7:Infinity":1,"s:8:8:8:Infinity":1,"b:8:32:8:57:8:61:8:Infinity":2,"s:9:8:9:Infinity":2,"b:9:30:9:53:9:57:9:Infinity":3,"f:12:10:12:25":1,"s:12:30:12:67":3,"f:13:10:13:27":2,"s:13:36:13:75":4,"f:14:10:14:27":3,"s:14:40:14:83":5,"f:15:10:15:27":4,"s:15:34:15:71":6,"f:17:10:17:21":5,"s:17:33:17:77":7,"f:19:10:19:24":6,"s:20:29:20:Infinity":8,"s:22:8:30:Infinity":9,"f:33:10:33:29":7,"s:34:8:34:Infinity":10,"f:37:10:37:23":8,"s:38:8:38:Infinity":11,"f:41:10:41:42":9,"s:42:29:42:Infinity":12,"s:43:21:43:Infinity":13,"b:43:21:43:53:43:57:43:Infinity":4,"b:45:8:45:Infinity:undefined:undefined:undefined:undefined":5,"s:45:8:45:Infinity":14,"b:45:12:45:38:45:42:45:57":6,"s:45:59:45:Infinity":15,"b:46:8:46:Infinity:undefined:undefined:undefined:undefined":7,"s:46:8:46:Infinity":16,"b:46:12:46:38:46:42:46:57":8,"s:46:59:46:Infinity":17,"s:48:8:48:Infinity":18,"s:50:8:52:Infinity":19,"f:55:10:55:31":10,"s:56:22:56:Infinity":20,"s:57:20:57:Infinity":21,"s:58:29:58:Infinity":22,"s:60:23:60:Infinity":23,"b:61:8:72:Infinity:undefined:undefined:undefined:undefined":9,"s:61:8:72:Infinity":24,"s:62:23:62:Infinity":25,"b:63:12:71:Infinity:undefined:undefined:undefined:undefined":10,"s:63:12:71:Infinity":26,"b:63:16:63:18:63:22:63:47":11,"s:64:17:70:Infinity":27,"f:64:62:64:63":11,"s:65:33:65:Infinity":28,"b:66:21:68:Infinity:undefined:undefined:undefined:undefined":12,"s:66:21:68:Infinity":29,"s:67:25:67:Infinity":30,"s:67:31:67:56":31,"s:67:67:67:77":32,"s:69:21:69:Infinity":33,"b:69:51:69:73:69:76:69:Infinity":13,"f:69:61:69:62":12,"s:69:66:69:72":34,"s:74:20:74:Infinity":35,"s:75:22:75:Infinity":36,"s:76:8:85:Infinity":37,"s:77:30:77:Infinity":38,"s:78:30:78:Infinity":39,"b:78:30:78:45:78:49:78:Infinity":14,"s:79:30:79:Infinity":40,"b:81:12:83:Infinity:undefined:undefined:undefined:undefined":15,"s:81:12:83:Infinity":41,"b:81:16:81:26:81:30:81:40":16,"s:82:16:82:Infinity":42,"s:84:12:84:Infinity":43,"s:86:8:86:Infinity":44}}}
,"/home/die/projects/workload/backend/src/application/services/AllocationService.js": {"path":"/home/die/projects/workload/backend/src/application/services/AllocationService.js","statementMap":{"0":{"start":{"line":5,"column":8},"end":{"line":5,"column":null}},"1":{"start":{"line":9,"column":8},"end":{"line":16,"column":null}},"2":{"start":{"line":20,"column":28},"end":{"line":20,"column":null}},"3":{"start":{"line":21,"column":9},"end":{"line":21,"column":null}},"4":{"start":{"line":21,"column":44},"end":{"line":21,"column":null}},"5":{"start":{"line":22,"column":9},"end":{"line":22,"column":null}},"6":{"start":{"line":22,"column":41},"end":{"line":22,"column":null}},"7":{"start":{"line":23,"column":9},"end":{"line":23,"column":null}},"8":{"start":{"line":23,"column":43},"end":{"line":23,"column":null}},"9":{"start":{"line":25,"column":9},"end":{"line":25,"column":null}},"10":{"start":{"line":29,"column":8},"end":{"line":29,"column":null}},"11":{"start":{"line":33,"column":8},"end":{"line":33,"column":null}},"12":{"start":{"line":37,"column":8},"end":{"line":37,"column":null}},"13":{"start":{"line":41,"column":8},"end":{"line":41,"column":null}},"14":{"start":{"line":45,"column":8},"end":{"line":45,"column":null}},"15":{"start":{"line":49,"column":8},"end":{"line":49,"column":null}},"16":{"start":{"line":53,"column":8},"end":{"line":53,"column":null}},"17":{"start":{"line":57,"column":8},"end":{"line":57,"column":null}}},"fnMap":{"0":{"name":"(anonymous_0)","decl":{"start":{"line":4,"column":4},"end":{"line":4,"column":15}},"loc":{"start":{"line":4,"column":28},"end":{"line":6,"column":null}},"line":4},"1":{"name":"(anonymous_1)","decl":{"start":{"line":8,"column":10},"end":{"line":8,"column":16}},"loc":{"start":{"line":8,"column":23},"end":{"line":17,"column":null}},"line":8},"2":{"name":"(anonymous_2)","decl":{"start":{"line":19,"column":10},"end":{"line":19,"column":16}},"loc":{"start":{"line":19,"column":27},"end":{"line":26,"column":null}},"line":19},"3":{"name":"(anonymous_3)","decl":{"start":{"line":28,"column":10},"end":{"line":28,"column":16}},"loc":{"start":{"line":28,"column":21},"end":{"line":30,"column":null}},"line":28},"4":{"name":"(anonymous_4)","decl":{"start":{"line":32,"column":10},"end":{"line":32,"column":17}},"loc":{"start":{"line":32,"column":40},"end":{"line":34,"column":null}},"line":32},"5":{"name":"(anonymous_5)","decl":{"start":{"line":36,"column":10},"end":{"line":36,"column":20}},"loc":{"start":{"line":36,"column":43},"end":{"line":38,"column":null}},"line":36},"6":{"name":"(anonymous_6)","decl":{"start":{"line":40,"column":10},"end":{"line":40,"column":22}},"loc":{"start":{"line":40,"column":60},"end":{"line":42,"column":null}},"line":40},"7":{"name":"(anonymous_7)","decl":{"start":{"line":44,"column":10},"end":{"line":44,"column":25}},"loc":{"start":{"line":44,"column":30},"end":{"line":46,"column":null}},"line":44},"8":{"name":"(anonymous_8)","decl":{"start":{"line":48,"column":10},"end":{"line":48,"column":18}},"loc":{"start":{"line":48,"column":33},"end":{"line":50,"column":null}},"line":48},"9":{"name":"(anonymous_9)","decl":{"start":{"line":52,"column":10},"end":{"line":52,"column":24}},"loc":{"start":{"line":52,"column":40},"end":{"line":54,"column":null}},"line":52},"10":{"name":"(anonymous_10)","decl":{"start":{"line":56,"column":10},"end":{"line":56,"column":25}},"loc":{"start":{"line":56,"column":40},"end":{"line":58,"column":null}},"line":56}},"branchMap":{"0":{"loc":{"start":{"line":5,"column":26},"end":{"line":5,"column":null}},"type":"binary-expr","locations":[{"start":{"line":5,"column":26},"end":{"line":5,"column":36}},{"start":{"line":5,"column":40},"end":{"line":5,"column":null}}],"line":5},"1":{"loc":{"start":{"line":21,"column":9},"end":{"line":21,"column":null}},"type":"if","locations":[{"start":{"line":21,"column":9},"end":{"line":21,"column":null}},{"start":{},"end":{}}],"line":21},"2":{"loc":{"start":{"line":22,"column":9},"end":{"line":22,"column":null}},"type":"if","locations":[{"start":{"line":22,"column":9},"end":{"line":22,"column":null}},{"start":{},"end":{}}],"line":22},"3":{"loc":{"start":{"line":23,"column":9},"end":{"line":23,"column":null}},"type":"if","locations":[{"start":{"line":23,"column":9},"end":{"line":23,"column":null}},{"start":{},"end":{}}],"line":23}},"s":{"0":5,"1":1,"2":2,"3":2,"4":1,"5":2,"6":0,"7":2,"8":1,"9":2,"10":1,"11":1,"12":1,"13":1,"14":1,"15":1,"16":1,"17":1},"f":{"0":5,"1":1,"2":2,"3":1,"4":1,"5":1,"6":1,"7":1,"8":1,"9":1,"10":1},"b":{"0":[5,0],"1":[1,1],"2":[0,2],"3":[1,1]},"meta":{"lastBranch":4,"lastFunction":11,"lastStatement":18,"seen":{"f:4:4:4:15":0,"s:5:8:5:Infinity":0,"b:5:26:5:36:5:40:5:Infinity":0,"f:8:10:8:16":1,"s:9:8:16:Infinity":1,"f:19:10:19:16":2,"s:20:28:20:Infinity":2,"b:21:9:21:Infinity:undefined:undefined:undefined:undefined":1,"s:21:9:21:Infinity":3,"s:21:44:21:Infinity":4,"b:22:9:22:Infinity:undefined:undefined:undefined:undefined":2,"s:22:9:22:Infinity":5,"s:22:41:22:Infinity":6,"b:23:9:23:Infinity:undefined:undefined:undefined:undefined":3,"s:23:9:23:Infinity":7,"s:23:43:23:Infinity":8,"s:25:9:25:Infinity":9,"f:28:10:28:16":3,"s:29:8:29:Infinity":10,"f:32:10:32:17":4,"s:33:8:33:Infinity":11,"f:36:10:36:20":5,"s:37:8:37:Infinity":12,"f:40:10:40:22":6,"s:41:8:41:Infinity":13,"f:44:10:44:25":7,"s:45:8:45:Infinity":14,"f:48:10:48:18":8,"s:49:8:49:Infinity":15,"f:52:10:52:24":9,"s:53:8:53:Infinity":16,"f:56:10:56:25":10,"s:57:8:57:Infinity":17}}}
,"/home/die/projects/workload/backend/src/application/services/CollaboratorService.js": {"path":"/home/die/projects/workload/backend/src/application/services/CollaboratorService.js","statementMap":{"0":{"start":{"line":6,"column":8},"end":{"line":6,"column":null}},"1":{"start":{"line":10,"column":8},"end":{"line":10,"column":null}},"2":{"start":{"line":14,"column":8},"end":{"line":14,"column":null}},"3":{"start":{"line":18,"column":22},"end":{"line":18,"column":35}},"4":{"start":{"line":19,"column":8},"end":{"line":19,"column":null}},"5":{"start":{"line":19,"column":20},"end":{"line":19,"column":null}},"6":{"start":{"line":23,"column":29},"end":{"line":23,"column":79}},"7":{"start":{"line":25,"column":8},"end":{"line":35,"column":null}},"8":{"start":{"line":26,"column":12},"end":{"line":26,"column":null}},"9":{"start":{"line":28,"column":28},"end":{"line":33,"column":14}},"10":{"start":{"line":34,"column":12},"end":{"line":34,"column":null}},"11":{"start":{"line":37,"column":31},"end":{"line":42,"column":10}},"12":{"start":{"line":44,"column":8},"end":{"line":46,"column":null}},"13":{"start":{"line":45,"column":12},"end":{"line":45,"column":null}},"14":{"start":{"line":48,"column":8},"end":{"line":50,"column":null}},"15":{"start":{"line":49,"column":13},"end":{"line":49,"column":null}},"16":{"start":{"line":52,"column":50},"end":{"line":52,"column":54}},"17":{"start":{"line":54,"column":8},"end":{"line":57,"column":null}},"18":{"start":{"line":61,"column":8},"end":{"line":63,"column":null}},"19":{"start":{"line":62,"column":13},"end":{"line":62,"column":null}},"20":{"start":{"line":64,"column":8},"end":{"line":64,"column":null}},"21":{"start":{"line":68,"column":8},"end":{"line":68,"column":null}},"22":{"start":{"line":72,"column":9},"end":{"line":72,"column":null}},"23":{"start":{"line":76,"column":8},"end":{"line":76,"column":null}},"24":{"start":{"line":80,"column":8},"end":{"line":80,"column":null}},"25":{"start":{"line":84,"column":8},"end":{"line":84,"column":null}},"26":{"start":{"line":88,"column":8},"end":{"line":88,"column":null}},"27":{"start":{"line":92,"column":8},"end":{"line":100,"column":null}},"28":{"start":{"line":104,"column":8},"end":{"line":104,"column":null}},"29":{"start":{"line":108,"column":8},"end":{"line":108,"column":null}},"30":{"start":{"line":112,"column":8},"end":{"line":116,"column":null}},"31":{"start":{"line":120,"column":8},"end":{"line":122,"column":null}},"32":{"start":{"line":121,"column":12},"end":{"line":121,"column":null}},"33":{"start":{"line":123,"column":8},"end":{"line":123,"column":null}},"34":{"start":{"line":127,"column":8},"end":{"line":127,"column":null}},"35":{"start":{"line":131,"column":8},"end":{"line":135,"column":null}},"36":{"start":{"line":139,"column":8},"end":{"line":139,"column":null}},"37":{"start":{"line":143,"column":8},"end":{"line":143,"column":null}}},"fnMap":{"0":{"name":"(anonymous_0)","decl":{"start":{"line":5,"column":4},"end":{"line":5,"column":15}},"loc":{"start":{"line":5,"column":28},"end":{"line":7,"column":null}},"line":5},"1":{"name":"(anonymous_1)","decl":{"start":{"line":9,"column":10},"end":{"line":9,"column":16}},"loc":{"start":{"line":9,"column":33},"end":{"line":11,"column":null}},"line":9},"2":{"name":"(anonymous_2)","decl":{"start":{"line":13,"column":10},"end":{"line":13,"column":17}},"loc":{"start":{"line":13,"column":22},"end":{"line":15,"column":null}},"line":13},"3":{"name":"(anonymous_3)","decl":{"start":{"line":17,"column":10},"end":{"line":17,"column":16}},"loc":{"start":{"line":17,"column":23},"end":{"line":58,"column":null}},"line":17},"4":{"name":"(anonymous_4)","decl":{"start":{"line":60,"column":10},"end":{"line":60,"column":16}},"loc":{"start":{"line":60,"column":27},"end":{"line":65,"column":null}},"line":60},"5":{"name":"(anonymous_5)","decl":{"start":{"line":67,"column":10},"end":{"line":67,"column":16}},"loc":{"start":{"line":67,"column":21},"end":{"line":69,"column":null}},"line":67},"6":{"name":"(anonymous_6)","decl":{"start":{"line":71,"column":10},"end":{"line":71,"column":18}},"loc":{"start":{"line":71,"column":51},"end":{"line":73,"column":null}},"line":71},"7":{"name":"(anonymous_7)","decl":{"start":{"line":75,"column":10},"end":{"line":75,"column":21}},"loc":{"start":{"line":75,"column":47},"end":{"line":77,"column":null}},"line":75},"8":{"name":"(anonymous_8)","decl":{"start":{"line":79,"column":10},"end":{"line":79,"column":21}},"loc":{"start":{"line":79,"column":28},"end":{"line":81,"column":null}},"line":79},"9":{"name":"(anonymous_9)","decl":{"start":{"line":83,"column":10},"end":{"line":83,"column":24}},"loc":{"start":{"line":83,"column":29},"end":{"line":85,"column":null}},"line":83},"10":{"name":"(anonymous_10)","decl":{"start":{"line":87,"column":10},"end":{"line":87,"column":31}},"loc":{"start":{"line":87,"column":38},"end":{"line":89,"column":null}},"line":87},"11":{"name":"(anonymous_11)","decl":{"start":{"line":91,"column":10},"end":{"line":91,"column":28}},"loc":{"start":{"line":91,"column":95},"end":{"line":101,"column":null}},"line":91},"12":{"name":"(anonymous_12)","decl":{"start":{"line":103,"column":10},"end":{"line":103,"column":31}},"loc":{"start":{"line":103,"column":44},"end":{"line":105,"column":null}},"line":103},"13":{"name":"(anonymous_13)","decl":{"start":{"line":107,"column":10},"end":{"line":107,"column":31}},"loc":{"start":{"line":107,"column":36},"end":{"line":109,"column":null}},"line":107},"14":{"name":"(anonymous_14)","decl":{"start":{"line":111,"column":10},"end":{"line":111,"column":20}},"loc":{"start":{"line":111,"column":50},"end":{"line":117,"column":null}},"line":111},"15":{"name":"(anonymous_15)","decl":{"start":{"line":119,"column":10},"end":{"line":119,"column":23}},"loc":{"start":{"line":119,"column":34},"end":{"line":124,"column":null}},"line":119},"16":{"name":"(anonymous_16)","decl":{"start":{"line":126,"column":10},"end":{"line":126,"column":23}},"loc":{"start":{"line":126,"column":28},"end":{"line":128,"column":null}},"line":126},"17":{"name":"(anonymous_17)","decl":{"start":{"line":130,"column":10},"end":{"line":130,"column":30}},"loc":{"start":{"line":130,"column":55},"end":{"line":136,"column":null}},"line":130},"18":{"name":"(anonymous_18)","decl":{"start":{"line":138,"column":10},"end":{"line":138,"column":33}},"loc":{"start":{"line":138,"column":44},"end":{"line":140,"column":null}},"line":138},"19":{"name":"(anonymous_19)","decl":{"start":{"line":142,"column":10},"end":{"line":142,"column":33}},"loc":{"start":{"line":142,"column":38},"end":{"line":144,"column":null}},"line":142}},"branchMap":{"0":{"loc":{"start":{"line":6,"column":26},"end":{"line":6,"column":null}},"type":"binary-expr","locations":[{"start":{"line":6,"column":26},"end":{"line":6,"column":36}},{"start":{"line":6,"column":40},"end":{"line":6,"column":null}}],"line":6},"1":{"loc":{"start":{"line":19,"column":8},"end":{"line":19,"column":null}},"type":"if","locations":[{"start":{"line":19,"column":8},"end":{"line":19,"column":null}},{"start":{},"end":{}}],"line":19},"2":{"loc":{"start":{"line":25,"column":8},"end":{"line":35,"column":null}},"type":"if","locations":[{"start":{"line":25,"column":8},"end":{"line":35,"column":null}},{"start":{"line":27,"column":15},"end":{"line":35,"column":null}}],"line":25},"3":{"loc":{"start":{"line":31,"column":30},"end":{"line":31,"column":null}},"type":"binary-expr","locations":[{"start":{"line":31,"column":30},"end":{"line":31,"column":43}},{"start":{"line":31,"column":47},"end":{"line":31,"column":null}}],"line":31},"4":{"loc":{"start":{"line":44,"column":8},"end":{"line":46,"column":null}},"type":"if","locations":[{"start":{"line":44,"column":8},"end":{"line":46,"column":null}},{"start":{},"end":{}}],"line":44},"5":{"loc":{"start":{"line":48,"column":8},"end":{"line":50,"column":null}},"type":"if","locations":[{"start":{"line":48,"column":8},"end":{"line":50,"column":null}},{"start":{},"end":{}}],"line":48},"6":{"loc":{"start":{"line":61,"column":8},"end":{"line":63,"column":null}},"type":"if","locations":[{"start":{"line":61,"column":8},"end":{"line":63,"column":null}},{"start":{},"end":{}}],"line":61},"7":{"loc":{"start":{"line":120,"column":8},"end":{"line":122,"column":null}},"type":"if","locations":[{"start":{"line":120,"column":8},"end":{"line":122,"column":null}},{"start":{},"end":{}}],"line":120}},"s":{"0":14,"1":1,"2":1,"3":4,"4":4,"5":1,"6":3,"7":3,"8":2,"9":1,"10":1,"11":3,"12":3,"13":1,"14":2,"15":2,"16":2,"17":2,"18":1,"19":1,"20":1,"21":1,"22":1,"23":1,"24":1,"25":1,"26":1,"27":1,"28":1,"29":1,"30":1,"31":1,"32":1,"33":1,"34":1,"35":1,"36":1,"37":1},"f":{"0":14,"1":1,"2":1,"3":4,"4":1,"5":1,"6":1,"7":1,"8":1,"9":1,"10":1,"11":1,"12":1,"13":1,"14":1,"15":1,"16":1,"17":1,"18":1,"19":1},"b":{"0":[14,0],"1":[1,3],"2":[2,1],"3":[1,1],"4":[1,2],"5":[2,0],"6":[1,0],"7":[1,0]},"meta":{"lastBranch":8,"lastFunction":20,"lastStatement":38,"seen":{"f:5:4:5:15":0,"s:6:8:6:Infinity":0,"b:6:26:6:36:6:40:6:Infinity":0,"f:9:10:9:16":1,"s:10:8:10:Infinity":1,"f:13:10:13:17":2,"s:14:8:14:Infinity":2,"f:17:10:17:16":3,"s:18:22:18:35":3,"b:19:8:19:Infinity:undefined:undefined:undefined:undefined":1,"s:19:8:19:Infinity":4,"s:19:20:19:Infinity":5,"s:23:29:23:79":6,"b:25:8:35:Infinity:27:15:35:Infinity":2,"s:25:8:35:Infinity":7,"s:26:12:26:Infinity":8,"s:28:28:33:14":9,"b:31:30:31:43:31:47:31:Infinity":3,"s:34:12:34:Infinity":10,"s:37:31:42:10":11,"b:44:8:46:Infinity:undefined:undefined:undefined:undefined":4,"s:44:8:46:Infinity":12,"s:45:12:45:Infinity":13,"b:48:8:50:Infinity:undefined:undefined:undefined:undefined":5,"s:48:8:50:Infinity":14,"s:49:13:49:Infinity":15,"s:52:50:52:54":16,"s:54:8:57:Infinity":17,"f:60:10:60:16":4,"b:61:8:63:Infinity:undefined:undefined:undefined:undefined":6,"s:61:8:63:Infinity":18,"s:62:13:62:Infinity":19,"s:64:8:64:Infinity":20,"f:67:10:67:16":5,"s:68:8:68:Infinity":21,"f:71:10:71:18":6,"s:72:9:72:Infinity":22,"f:75:10:75:21":7,"s:76:8:76:Infinity":23,"f:79:10:79:21":8,"s:80:8:80:Infinity":24,"f:83:10:83:24":9,"s:84:8:84:Infinity":25,"f:87:10:87:31":10,"s:88:8:88:Infinity":26,"f:91:10:91:28":11,"s:92:8:100:Infinity":27,"f:103:10:103:31":12,"s:104:8:104:Infinity":28,"f:107:10:107:31":13,"s:108:8:108:Infinity":29,"f:111:10:111:20":14,"s:112:8:116:Infinity":30,"f:119:10:119:23":15,"b:120:8:122:Infinity:undefined:undefined:undefined:undefined":7,"s:120:8:122:Infinity":31,"s:121:12:121:Infinity":32,"s:123:8:123:Infinity":33,"f:126:10:126:23":16,"s:127:8:127:Infinity":34,"f:130:10:130:30":17,"s:131:8:135:Infinity":35,"f:138:10:138:33":18,"s:139:8:139:Infinity":36,"f:142:10:142:33":19,"s:143:8:143:Infinity":37}}}
,"/home/die/projects/workload/backend/src/application/services/ConfigurationService.js": {"path":"/home/die/projects/workload/backend/src/application/services/ConfigurationService.js","statementMap":{"0":{"start":{"line":14,"column":8},"end":{"line":14,"column":null}},"1":{"start":{"line":15,"column":8},"end":{"line":15,"column":null}},"2":{"start":{"line":16,"column":8},"end":{"line":16,"column":null}},"3":{"start":{"line":17,"column":8},"end":{"line":17,"column":null}},"4":{"start":{"line":18,"column":8},"end":{"line":18,"column":null}},"5":{"start":{"line":19,"column":8},"end":{"line":19,"column":null}},"6":{"start":{"line":20,"column":8},"end":{"line":20,"column":null}},"7":{"start":{"line":24,"column":28},"end":{"line":24,"column":60}},"8":{"start":{"line":25,"column":36},"end":{"line":25,"column":93}},"9":{"start":{"line":26,"column":27},"end":{"line":26,"column":55}},"10":{"start":{"line":29,"column":29},"end":{"line":29,"column":62}},"11":{"start":{"line":30,"column":37},"end":{"line":30,"column":95}},"12":{"start":{"line":31,"column":28},"end":{"line":31,"column":57}},"13":{"start":{"line":34,"column":35},"end":{"line":34,"column":74}},"14":{"start":{"line":35,"column":42},"end":{"line":35,"column":106}},"15":{"start":{"line":36,"column":33},"end":{"line":36,"column":68}},"16":{"start":{"line":39,"column":37},"end":{"line":39,"column":78}},"17":{"start":{"line":40,"column":38},"end":{"line":40,"column":77}},"18":{"start":{"line":41,"column":42},"end":{"line":41,"column":85}},"19":{"start":{"line":42,"column":36},"end":{"line":42,"column":73}},"20":{"start":{"line":45,"column":37},"end":{"line":45,"column":78}},"21":{"start":{"line":46,"column":38},"end":{"line":46,"column":77}},"22":{"start":{"line":47,"column":42},"end":{"line":47,"column":85}},"23":{"start":{"line":48,"column":36},"end":{"line":48,"column":73}},"24":{"start":{"line":51,"column":45},"end":{"line":51,"column":84}},"25":{"start":{"line":52,"column":46},"end":{"line":52,"column":83}},"26":{"start":{"line":53,"column":50},"end":{"line":53,"column":91}},"27":{"start":{"line":54,"column":44},"end":{"line":54,"column":79}},"28":{"start":{"line":56,"column":8},"end":{"line":56,"column":null}},"29":{"start":{"line":57,"column":8},"end":{"line":57,"column":null}}},"fnMap":{"0":{"name":"(anonymous_0)","decl":{"start":{"line":13,"column":4},"end":{"line":13,"column":15}},"loc":{"start":{"line":13,"column":35},"end":{"line":21,"column":null}},"line":13},"1":{"name":"(anonymous_1)","decl":{"start":{"line":24,"column":10},"end":{"line":24,"column":18}},"loc":{"start":{"line":24,"column":26},"end":{"line":24,"column":null}},"line":24},"2":{"name":"(anonymous_2)","decl":{"start":{"line":25,"column":10},"end":{"line":25,"column":20}},"loc":{"start":{"line":25,"column":34},"end":{"line":25,"column":null}},"line":25},"3":{"name":"(anonymous_3)","decl":{"start":{"line":26,"column":10},"end":{"line":26,"column":20}},"loc":{"start":{"line":26,"column":25},"end":{"line":26,"column":null}},"line":26},"4":{"name":"(anonymous_4)","decl":{"start":{"line":29,"column":10},"end":{"line":29,"column":19}},"loc":{"start":{"line":29,"column":27},"end":{"line":29,"column":null}},"line":29},"5":{"name":"(anonymous_5)","decl":{"start":{"line":30,"column":10},"end":{"line":30,"column":21}},"loc":{"start":{"line":30,"column":35},"end":{"line":30,"column":null}},"line":30},"6":{"name":"(anonymous_6)","decl":{"start":{"line":31,"column":10},"end":{"line":31,"column":21}},"loc":{"start":{"line":31,"column":26},"end":{"line":31,"column":null}},"line":31},"7":{"name":"(anonymous_7)","decl":{"start":{"line":34,"column":10},"end":{"line":34,"column":25}},"loc":{"start":{"line":34,"column":33},"end":{"line":34,"column":null}},"line":34},"8":{"name":"(anonymous_8)","decl":{"start":{"line":35,"column":10},"end":{"line":35,"column":26}},"loc":{"start":{"line":35,"column":40},"end":{"line":35,"column":null}},"line":35},"9":{"name":"(anonymous_9)","decl":{"start":{"line":36,"column":10},"end":{"line":36,"column":26}},"loc":{"start":{"line":36,"column":31},"end":{"line":36,"column":null}},"line":36},"10":{"name":"(anonymous_10)","decl":{"start":{"line":39,"column":10},"end":{"line":39,"column":27}},"loc":{"start":{"line":39,"column":35},"end":{"line":39,"column":null}},"line":39},"11":{"name":"(anonymous_11)","decl":{"start":{"line":40,"column":10},"end":{"line":40,"column":29}},"loc":{"start":{"line":40,"column":36},"end":{"line":40,"column":79}},"line":40},"12":{"name":"(anonymous_12)","decl":{"start":{"line":41,"column":10},"end":{"line":41,"column":29}},"loc":{"start":{"line":41,"column":40},"end":{"line":41,"column":null}},"line":41},"13":{"name":"(anonymous_13)","decl":{"start":{"line":42,"column":10},"end":{"line":42,"column":29}},"loc":{"start":{"line":42,"column":34},"end":{"line":42,"column":null}},"line":42},"14":{"name":"(anonymous_14)","decl":{"start":{"line":45,"column":10},"end":{"line":45,"column":27}},"loc":{"start":{"line":45,"column":35},"end":{"line":45,"column":null}},"line":45},"15":{"name":"(anonymous_15)","decl":{"start":{"line":46,"column":10},"end":{"line":46,"column":29}},"loc":{"start":{"line":46,"column":36},"end":{"line":46,"column":79}},"line":46},"16":{"name":"(anonymous_16)","decl":{"start":{"line":47,"column":10},"end":{"line":47,"column":29}},"loc":{"start":{"line":47,"column":40},"end":{"line":47,"column":null}},"line":47},"17":{"name":"(anonymous_17)","decl":{"start":{"line":48,"column":10},"end":{"line":48,"column":29}},"loc":{"start":{"line":48,"column":34},"end":{"line":48,"column":null}},"line":48},"18":{"name":"(anonymous_18)","decl":{"start":{"line":51,"column":10},"end":{"line":51,"column":35}},"loc":{"start":{"line":51,"column":43},"end":{"line":51,"column":null}},"line":51},"19":{"name":"(anonymous_19)","decl":{"start":{"line":52,"column":10},"end":{"line":52,"column":37}},"loc":{"start":{"line":52,"column":44},"end":{"line":52,"column":85}},"line":52},"20":{"name":"(anonymous_20)","decl":{"start":{"line":53,"column":10},"end":{"line":53,"column":37}},"loc":{"start":{"line":53,"column":48},"end":{"line":53,"column":null}},"line":53},"21":{"name":"(anonymous_21)","decl":{"start":{"line":54,"column":10},"end":{"line":54,"column":37}},"loc":{"start":{"line":54,"column":42},"end":{"line":54,"column":null}},"line":54},"22":{"name":"(anonymous_22)","decl":{"start":{"line":55,"column":10},"end":{"line":55,"column":29}},"loc":{"start":{"line":55,"column":36},"end":{"line":58,"column":null}},"line":55}},"branchMap":{"0":{"loc":{"start":{"line":13,"column":16},"end":{"line":13,"column":33}},"type":"default-arg","locations":[{"start":{"line":13,"column":31},"end":{"line":13,"column":33}}],"line":13},"1":{"loc":{"start":{"line":14,"column":21},"end":{"line":14,"column":null}},"type":"binary-expr","locations":[{"start":{"line":14,"column":21},"end":{"line":14,"column":39}},{"start":{"line":14,"column":43},"end":{"line":14,"column":null}}],"line":14},"2":{"loc":{"start":{"line":15,"column":22},"end":{"line":15,"column":null}},"type":"binary-expr","locations":[{"start":{"line":15,"column":22},"end":{"line":15,"column":41}},{"start":{"line":15,"column":45},"end":{"line":15,"column":null}}],"line":15},"3":{"loc":{"start":{"line":16,"column":28},"end":{"line":16,"column":null}},"type":"binary-expr","locations":[{"start":{"line":16,"column":28},"end":{"line":16,"column":53}},{"start":{"line":16,"column":57},"end":{"line":16,"column":null}}],"line":16},"4":{"loc":{"start":{"line":17,"column":30},"end":{"line":17,"column":null}},"type":"binary-expr","locations":[{"start":{"line":17,"column":30},"end":{"line":17,"column":57}},{"start":{"line":17,"column":61},"end":{"line":17,"column":null}}],"line":17},"5":{"loc":{"start":{"line":18,"column":30},"end":{"line":18,"column":null}},"type":"binary-expr","locations":[{"start":{"line":18,"column":30},"end":{"line":18,"column":57}},{"start":{"line":18,"column":61},"end":{"line":18,"column":null}}],"line":18},"6":{"loc":{"start":{"line":19,"column":28},"end":{"line":19,"column":null}},"type":"binary-expr","locations":[{"start":{"line":19,"column":28},"end":{"line":19,"column":53}},{"start":{"line":19,"column":57},"end":{"line":19,"column":null}}],"line":19},"7":{"loc":{"start":{"line":20,"column":38},"end":{"line":20,"column":null}},"type":"binary-expr","locations":[{"start":{"line":20,"column":38},"end":{"line":20,"column":73}},{"start":{"line":20,"column":77},"end":{"line":20,"column":null}}],"line":20}},"s":{"0":22,"1":22,"2":22,"3":22,"4":22,"5":22,"6":22,"7":1,"8":1,"9":1,"10":1,"11":1,"12":1,"13":1,"14":1,"15":1,"16":1,"17":1,"18":1,"19":1,"20":1,"21":1,"22":1,"23":1,"24":1,"25":1,"26":1,"27":1,"28":1,"29":1},"f":{"0":22,"1":1,"2":1,"3":1,"4":1,"5":1,"6":1,"7":1,"8":1,"9":1,"10":1,"11":1,"12":1,"13":1,"14":1,"15":1,"16":1,"17":1,"18":1,"19":1,"20":1,"21":1,"22":1},"b":{"0":[22],"1":[22,0],"2":[22,0],"3":[22,0],"4":[22,0],"5":[22,0],"6":[22,0],"7":[22,0]},"meta":{"lastBranch":8,"lastFunction":23,"lastStatement":30,"seen":{"f:13:4:13:15":0,"b:13:31:13:33":0,"s:14:8:14:Infinity":0,"b:14:21:14:39:14:43:14:Infinity":1,"s:15:8:15:Infinity":1,"b:15:22:15:41:15:45:15:Infinity":2,"s:16:8:16:Infinity":2,"b:16:28:16:53:16:57:16:Infinity":3,"s:17:8:17:Infinity":3,"b:17:30:17:57:17:61:17:Infinity":4,"s:18:8:18:Infinity":4,"b:18:30:18:57:18:61:18:Infinity":5,"s:19:8:19:Infinity":5,"b:19:28:19:53:19:57:19:Infinity":6,"s:20:8:20:Infinity":6,"b:20:38:20:73:20:77:20:Infinity":7,"f:24:10:24:18":1,"s:24:28:24:60":7,"f:25:10:25:20":2,"s:25:36:25:93":8,"f:26:10:26:20":3,"s:26:27:26:55":9,"f:29:10:29:19":4,"s:29:29:29:62":10,"f:30:10:30:21":5,"s:30:37:30:95":11,"f:31:10:31:21":6,"s:31:28:31:57":12,"f:34:10:34:25":7,"s:34:35:34:74":13,"f:35:10:35:26":8,"s:35:42:35:106":14,"f:36:10:36:26":9,"s:36:33:36:68":15,"f:39:10:39:27":10,"s:39:37:39:78":16,"f:40:10:40:29":11,"s:40:38:40:77":17,"f:41:10:41:29":12,"s:41:42:41:85":18,"f:42:10:42:29":13,"s:42:36:42:73":19,"f:45:10:45:27":14,"s:45:37:45:78":20,"f:46:10:46:29":15,"s:46:38:46:77":21,"f:47:10:47:29":16,"s:47:42:47:85":22,"f:48:10:48:29":17,"s:48:36:48:73":23,"f:51:10:51:35":18,"s:51:45:51:84":24,"f:52:10:52:37":19,"s:52:46:52:83":25,"f:53:10:53:37":20,"s:53:50:53:91":26,"f:54:10:54:37":21,"s:54:44:54:79":27,"f:55:10:55:29":22,"s:56:8:56:Infinity":28,"s:57:8:57:Infinity":29}}}
,"/home/die/projects/workload/backend/src/application/services/ProjectService.js": {"path":"/home/die/projects/workload/backend/src/application/services/ProjectService.js","statementMap":{"0":{"start":{"line":5,"column":8},"end":{"line":5,"column":null}},"1":{"start":{"line":9,"column":8},"end":{"line":9,"column":null}},"2":{"start":{"line":13,"column":8},"end":{"line":13,"column":null}},"3":{"start":{"line":17,"column":8},"end":{"line":17,"column":43}},"4":{"start":{"line":21,"column":8},"end":{"line":21,"column":null}},"5":{"start":{"line":25,"column":8},"end":{"line":25,"column":null}},"6":{"start":{"line":29,"column":8},"end":{"line":29,"column":null}},"7":{"start":{"line":33,"column":8},"end":{"line":33,"column":null}},"8":{"start":{"line":37,"column":8},"end":{"line":37,"column":null}},"9":{"start":{"line":41,"column":8},"end":{"line":41,"column":null}},"10":{"start":{"line":45,"column":8},"end":{"line":45,"column":null}},"11":{"start":{"line":49,"column":8},"end":{"line":49,"column":null}},"12":{"start":{"line":53,"column":8},"end":{"line":53,"column":null}}},"fnMap":{"0":{"name":"(anonymous_0)","decl":{"start":{"line":4,"column":4},"end":{"line":4,"column":15}},"loc":{"start":{"line":4,"column":28},"end":{"line":6,"column":null}},"line":4},"1":{"name":"(anonymous_1)","decl":{"start":{"line":8,"column":10},"end":{"line":8,"column":16}},"loc":{"start":{"line":8,"column":30},"end":{"line":10,"column":null}},"line":8},"2":{"name":"(anonymous_2)","decl":{"start":{"line":12,"column":10},"end":{"line":12,"column":17}},"loc":{"start":{"line":12,"column":22},"end":{"line":14,"column":null}},"line":12},"3":{"name":"(anonymous_3)","decl":{"start":{"line":16,"column":10},"end":{"line":16,"column":16}},"loc":{"start":{"line":16,"column":23},"end":{"line":18,"column":null}},"line":16},"4":{"name":"(anonymous_4)","decl":{"start":{"line":20,"column":10},"end":{"line":20,"column":16}},"loc":{"start":{"line":20,"column":27},"end":{"line":22,"column":null}},"line":20},"5":{"name":"(anonymous_5)","decl":{"start":{"line":24,"column":10},"end":{"line":24,"column":16}},"loc":{"start":{"line":24,"column":21},"end":{"line":26,"column":null}},"line":24},"6":{"name":"(anonymous_6)","decl":{"start":{"line":28,"column":10},"end":{"line":28,"column":24}},"loc":{"start":{"line":28,"column":31},"end":{"line":30,"column":null}},"line":28},"7":{"name":"(anonymous_7)","decl":{"start":{"line":32,"column":10},"end":{"line":32,"column":27}},"loc":{"start":{"line":32,"column":38},"end":{"line":34,"column":null}},"line":32},"8":{"name":"(anonymous_8)","decl":{"start":{"line":36,"column":10},"end":{"line":36,"column":27}},"loc":{"start":{"line":36,"column":32},"end":{"line":38,"column":null}},"line":36},"9":{"name":"(anonymous_9)","decl":{"start":{"line":40,"column":10},"end":{"line":40,"column":29}},"loc":{"start":{"line":40,"column":70},"end":{"line":42,"column":null}},"line":40},"10":{"name":"(anonymous_10)","decl":{"start":{"line":44,"column":10},"end":{"line":44,"column":32}},"loc":{"start":{"line":44,"column":57},"end":{"line":46,"column":null}},"line":44},"11":{"name":"(anonymous_11)","decl":{"start":{"line":48,"column":10},"end":{"line":48,"column":25}},"loc":{"start":{"line":48,"column":32},"end":{"line":50,"column":null}},"line":48},"12":{"name":"(anonymous_12)","decl":{"start":{"line":52,"column":10},"end":{"line":52,"column":25}},"loc":{"start":{"line":52,"column":30},"end":{"line":54,"column":null}},"line":52}},"branchMap":{"0":{"loc":{"start":{"line":5,"column":26},"end":{"line":5,"column":null}},"type":"binary-expr","locations":[{"start":{"line":5,"column":26},"end":{"line":5,"column":36}},{"start":{"line":5,"column":40},"end":{"line":5,"column":null}}],"line":5}},"s":{"0":12,"1":1,"2":1,"3":1,"4":1,"5":1,"6":1,"7":1,"8":1,"9":1,"10":1,"11":1,"12":1},"f":{"0":12,"1":1,"2":1,"3":1,"4":1,"5":1,"6":1,"7":1,"8":1,"9":1,"10":1,"11":1,"12":1},"b":{"0":[12,0]},"meta":{"lastBranch":1,"lastFunction":13,"lastStatement":13,"seen":{"f:4:4:4:15":0,"s:5:8:5:Infinity":0,"b:5:26:5:36:5:40:5:Infinity":0,"f:8:10:8:16":1,"s:9:8:9:Infinity":1,"f:12:10:12:17":2,"s:13:8:13:Infinity":2,"f:16:10:16:16":3,"s:17:8:17:43":3,"f:20:10:20:16":4,"s:21:8:21:Infinity":4,"f:24:10:24:16":5,"s:25:8:25:Infinity":5,"f:28:10:28:24":6,"s:29:8:29:Infinity":6,"f:32:10:32:27":7,"s:33:8:33:Infinity":7,"f:36:10:36:27":8,"s:37:8:37:Infinity":8,"f:40:10:40:29":9,"s:41:8:41:Infinity":9,"f:44:10:44:32":10,"s:45:8:45:Infinity":10,"f:48:10:48:25":11,"s:49:8:49:Infinity":11,"f:52:10:52:25":12,"s:53:8:53:Infinity":12}}}
,"/home/die/projects/workload/backend/src/application/services/TaskService.js": {"path":"/home/die/projects/workload/backend/src/application/services/TaskService.js","statementMap":{"0":{"start":{"line":7,"column":8},"end":{"line":7,"column":null}},"1":{"start":{"line":8,"column":8},"end":{"line":8,"column":null}},"2":{"start":{"line":12,"column":8},"end":{"line":12,"column":null}},"3":{"start":{"line":16,"column":8},"end":{"line":18,"column":null}},"4":{"start":{"line":17,"column":12},"end":{"line":17,"column":null}},"5":{"start":{"line":19,"column":21},"end":{"line":19,"column":null}},"6":{"start":{"line":20,"column":8},"end":{"line":22,"column":null}},"7":{"start":{"line":21,"column":12},"end":{"line":21,"column":null}},"8":{"start":{"line":23,"column":8},"end":{"line":23,"column":null}},"9":{"start":{"line":27,"column":8},"end":{"line":29,"column":null}},"10":{"start":{"line":28,"column":13},"end":{"line":28,"column":null}},"11":{"start":{"line":30,"column":8},"end":{"line":32,"column":null}},"12":{"start":{"line":31,"column":12},"end":{"line":31,"column":null}},"13":{"start":{"line":33,"column":21},"end":{"line":33,"column":null}},"14":{"start":{"line":34,"column":8},"end":{"line":36,"column":null}},"15":{"start":{"line":35,"column":12},"end":{"line":35,"column":null}},"16":{"start":{"line":37,"column":8},"end":{"line":37,"column":null}},"17":{"start":{"line":41,"column":8},"end":{"line":41,"column":null}},"18":{"start":{"line":46,"column":24},"end":{"line":46,"column":null}},"19":{"start":{"line":48,"column":26},"end":{"line":55,"column":null}},"20":{"start":{"line":49,"column":12},"end":{"line":49,"column":null}},"21":{"start":{"line":49,"column":20},"end":{"line":49,"column":null}},"22":{"start":{"line":50,"column":12},"end":{"line":50,"column":null}},"23":{"start":{"line":50,"column":35},"end":{"line":50,"column":null}},"24":{"start":{"line":51,"column":12},"end":{"line":53,"column":null}},"25":{"start":{"line":52,"column":16},"end":{"line":52,"column":null}},"26":{"start":{"line":54,"column":12},"end":{"line":54,"column":null}},"27":{"start":{"line":57,"column":8},"end":{"line":57,"column":null}},"28":{"start":{"line":57,"column":23},"end":{"line":57,"column":null}},"29":{"start":{"line":58,"column":8},"end":{"line":58,"column":null}},"30":{"start":{"line":58,"column":21},"end":{"line":58,"column":null}},"31":{"start":{"line":59,"column":8},"end":{"line":59,"column":null}},"32":{"start":{"line":59,"column":28},"end":{"line":59,"column":null}},"33":{"start":{"line":61,"column":8},"end":{"line":61,"column":null}},"34":{"start":{"line":62,"column":8},"end":{"line":62,"column":null}},"35":{"start":{"line":63,"column":8},"end":{"line":63,"column":null}},"36":{"start":{"line":67,"column":8},"end":{"line":71,"column":null}},"37":{"start":{"line":73,"column":8},"end":{"line":73,"column":null}},"38":{"start":{"line":74,"column":8},"end":{"line":74,"column":null}},"39":{"start":{"line":78,"column":8},"end":{"line":82,"column":null}},"40":{"start":{"line":83,"column":8},"end":{"line":83,"column":null}},"41":{"start":{"line":84,"column":8},"end":{"line":84,"column":null}},"42":{"start":{"line":88,"column":21},"end":{"line":88,"column":null}},"43":{"start":{"line":90,"column":34},"end":{"line":90,"column":null}},"44":{"start":{"line":92,"column":8},"end":{"line":103,"column":null}},"45":{"start":{"line":93,"column":41},"end":{"line":93,"column":null}},"46":{"start":{"line":93,"column":68},"end":{"line":93,"column":103}},"47":{"start":{"line":93,"column":117},"end":{"line":93,"column":118}},"48":{"start":{"line":94,"column":13},"end":{"line":102,"column":null}},"49":{"start":{"line":95,"column":32},"end":{"line":95,"column":null}},"50":{"start":{"line":95,"column":71},"end":{"line":95,"column":95}},"51":{"start":{"line":97,"column":31},"end":{"line":97,"column":null}},"52":{"start":{"line":98,"column":17},"end":{"line":100,"column":null}},"53":{"start":{"line":99,"column":21},"end":{"line":99,"column":null}},"54":{"start":{"line":101,"column":17},"end":{"line":101,"column":null}},"55":{"start":{"line":105,"column":8},"end":{"line":107,"column":null}},"56":{"start":{"line":106,"column":12},"end":{"line":106,"column":null}},"57":{"start":{"line":109,"column":29},"end":{"line":109,"column":null}},"58":{"start":{"line":110,"column":9},"end":{"line":167,"column":null}},"59":{"start":{"line":111,"column":25},"end":{"line":118,"column":null}},"60":{"start":{"line":120,"column":13},"end":{"line":166,"column":null}},"61":{"start":{"line":121,"column":17},"end":{"line":130,"column":null}},"62":{"start":{"line":122,"column":21},"end":{"line":129,"column":null}},"63":{"start":{"line":123,"column":32},"end":{"line":123,"column":null}},"64":{"start":{"line":124,"column":36},"end":{"line":124,"column":null}},"65":{"start":{"line":125,"column":25},"end":{"line":128,"column":null}},"66":{"start":{"line":126,"column":29},"end":{"line":126,"column":null}},"67":{"start":{"line":127,"column":29},"end":{"line":127,"column":null}},"68":{"start":{"line":131,"column":32},"end":{"line":131,"column":null}},"69":{"start":{"line":132,"column":17},"end":{"line":138,"column":null}},"70":{"start":{"line":133,"column":33},"end":{"line":133,"column":null}},"71":{"start":{"line":134,"column":21},"end":{"line":136,"column":null}},"72":{"start":{"line":135,"column":24},"end":{"line":135,"column":null}},"73":{"start":{"line":135,"column":55},"end":{"line":135,"column":null}},"74":{"start":{"line":137,"column":21},"end":{"line":137,"column":null}},"75":{"start":{"line":137,"column":47},"end":{"line":137,"column":null}},"76":{"start":{"line":139,"column":17},"end":{"line":145,"column":null}},"77":{"start":{"line":140,"column":21},"end":{"line":144,"column":null}},"78":{"start":{"line":141,"column":24},"end":{"line":143,"column":null}},"79":{"start":{"line":142,"column":28},"end":{"line":142,"column":null}},"80":{"start":{"line":146,"column":17},"end":{"line":146,"column":null}},"81":{"start":{"line":146,"column":39},"end":{"line":146,"column":68}},"82":{"start":{"line":148,"column":36},"end":{"line":154,"column":null}},"83":{"start":{"line":156,"column":17},"end":{"line":165,"column":null}},"84":{"start":{"line":157,"column":21},"end":{"line":164,"column":null}},"85":{"start":{"line":158,"column":32},"end":{"line":158,"column":null}},"86":{"start":{"line":159,"column":36},"end":{"line":159,"column":null}},"87":{"start":{"line":160,"column":25},"end":{"line":163,"column":null}},"88":{"start":{"line":161,"column":29},"end":{"line":161,"column":null}},"89":{"start":{"line":162,"column":29},"end":{"line":162,"column":null}},"90":{"start":{"line":169,"column":8},"end":{"line":171,"column":null}},"91":{"start":{"line":170,"column":13},"end":{"line":170,"column":null}},"92":{"start":{"line":173,"column":8},"end":{"line":173,"column":null}},"93":{"start":{"line":176,"column":29},"end":{"line":176,"column":null}},"94":{"start":{"line":176,"column":55},"end":{"line":176,"column":62}},"95":{"start":{"line":177,"column":25},"end":{"line":177,"column":null}},"96":{"start":{"line":179,"column":27},"end":{"line":179,"column":null}},"97":{"start":{"line":181,"column":22},"end":{"line":181,"column":null}},"98":{"start":{"line":183,"column":8},"end":{"line":190,"column":null}},"99":{"start":{"line":184,"column":12},"end":{"line":189,"column":null}},"100":{"start":{"line":184,"column":25},"end":{"line":184,"column":26}},"101":{"start":{"line":185,"column":17},"end":{"line":185,"column":null}},"102":{"start":{"line":186,"column":17},"end":{"line":188,"column":null}},"103":{"start":{"line":187,"column":21},"end":{"line":187,"column":null}},"104":{"start":{"line":192,"column":8},"end":{"line":192,"column":null}},"105":{"start":{"line":194,"column":8},"end":{"line":198,"column":null}},"106":{"start":{"line":195,"column":12},"end":{"line":197,"column":null}},"107":{"start":{"line":196,"column":16},"end":{"line":196,"column":null}}},"fnMap":{"0":{"name":"(anonymous_0)","decl":{"start":{"line":6,"column":4},"end":{"line":6,"column":15}},"loc":{"start":{"line":6,"column":42},"end":{"line":9,"column":null}},"line":6},"1":{"name":"(anonymous_1)","decl":{"start":{"line":11,"column":10},"end":{"line":11,"column":17}},"loc":{"start":{"line":11,"column":22},"end":{"line":13,"column":null}},"line":11},"2":{"name":"(anonymous_2)","decl":{"start":{"line":15,"column":10},"end":{"line":15,"column":16}},"loc":{"start":{"line":15,"column":23},"end":{"line":24,"column":null}},"line":15},"3":{"name":"(anonymous_3)","decl":{"start":{"line":26,"column":10},"end":{"line":26,"column":16}},"loc":{"start":{"line":26,"column":27},"end":{"line":38,"column":null}},"line":26},"4":{"name":"(anonymous_4)","decl":{"start":{"line":40,"column":10},"end":{"line":40,"column":16}},"loc":{"start":{"line":40,"column":21},"end":{"line":42,"column":null}},"line":40},"5":{"name":"(anonymous_5)","decl":{"start":{"line":44,"column":10},"end":{"line":44,"column":22}},"loc":{"start":{"line":44,"column":86},"end":{"line":64,"column":null}},"line":44},"6":{"name":"(anonymous_6)","decl":{"start":{"line":48,"column":26},"end":{"line":48,"column":27}},"loc":{"start":{"line":48,"column":33},"end":{"line":55,"column":null}},"line":48},"7":{"name":"(anonymous_7)","decl":{"start":{"line":66,"column":10},"end":{"line":66,"column":23}},"loc":{"start":{"line":66,"column":47},"end":{"line":75,"column":null}},"line":66},"8":{"name":"(anonymous_8)","decl":{"start":{"line":77,"column":10},"end":{"line":77,"column":26}},"loc":{"start":{"line":77,"column":50},"end":{"line":85,"column":null}},"line":77},"9":{"name":"(anonymous_9)","decl":{"start":{"line":87,"column":10},"end":{"line":87,"column":28}},"loc":{"start":{"line":87,"column":37},"end":{"line":199,"column":null}},"line":87},"10":{"name":"(anonymous_10)","decl":{"start":{"line":93,"column":63},"end":{"line":93,"column":64}},"loc":{"start":{"line":93,"column":68},"end":{"line":93,"column":103}},"line":93},"11":{"name":"(anonymous_11)","decl":{"start":{"line":93,"column":112},"end":{"line":93,"column":113}},"loc":{"start":{"line":93,"column":117},"end":{"line":93,"column":118}},"line":93},"12":{"name":"(anonymous_12)","decl":{"start":{"line":95,"column":59},"end":{"line":95,"column":60}},"loc":{"start":{"line":95,"column":71},"end":{"line":95,"column":95}},"line":95},"13":{"name":"(anonymous_13)","decl":{"start":{"line":122,"column":42},"end":{"line":122,"column":43}},"loc":{"start":{"line":122,"column":47},"end":{"line":129,"column":22}},"line":122},"14":{"name":"(anonymous_14)","decl":{"start":{"line":140,"column":67},"end":{"line":140,"column":70}},"loc":{"start":{"line":140,"column":74},"end":{"line":144,"column":22}},"line":140},"15":{"name":"(anonymous_15)","decl":{"start":{"line":146,"column":34},"end":{"line":146,"column":35}},"loc":{"start":{"line":146,"column":39},"end":{"line":146,"column":68}},"line":146},"16":{"name":"(anonymous_16)","decl":{"start":{"line":156,"column":36},"end":{"line":156,"column":37}},"loc":{"start":{"line":156,"column":41},"end":{"line":165,"column":18}},"line":156},"17":{"name":"(anonymous_17)","decl":{"start":{"line":176,"column":50},"end":{"line":176,"column":51}},"loc":{"start":{"line":176,"column":55},"end":{"line":176,"column":62}},"line":176}},"branchMap":{"0":{"loc":{"start":{"line":7,"column":26},"end":{"line":7,"column":null}},"type":"binary-expr","locations":[{"start":{"line":7,"column":26},"end":{"line":7,"column":36}},{"start":{"line":7,"column":40},"end":{"line":7,"column":null}}],"line":7},"1":{"loc":{"start":{"line":8,"column":22},"end":{"line":8,"column":null}},"type":"binary-expr","locations":[{"start":{"line":8,"column":22},"end":{"line":8,"column":34}},{"start":{"line":8,"column":38},"end":{"line":8,"column":null}}],"line":8},"2":{"loc":{"start":{"line":16,"column":8},"end":{"line":18,"column":null}},"type":"if","locations":[{"start":{"line":16,"column":8},"end":{"line":18,"column":null}},{"start":{},"end":{}}],"line":16},"3":{"loc":{"start":{"line":20,"column":8},"end":{"line":22,"column":null}},"type":"if","locations":[{"start":{"line":20,"column":8},"end":{"line":22,"column":null}},{"start":{},"end":{}}],"line":20},"4":{"loc":{"start":{"line":27,"column":8},"end":{"line":29,"column":null}},"type":"if","locations":[{"start":{"line":27,"column":8},"end":{"line":29,"column":null}},{"start":{},"end":{}}],"line":27},"5":{"loc":{"start":{"line":30,"column":8},"end":{"line":32,"column":null}},"type":"if","locations":[{"start":{"line":30,"column":8},"end":{"line":32,"column":null}},{"start":{},"end":{}}],"line":30},"6":{"loc":{"start":{"line":34,"column":8},"end":{"line":36,"column":null}},"type":"if","locations":[{"start":{"line":34,"column":8},"end":{"line":36,"column":null}},{"start":{},"end":{}}],"line":34},"7":{"loc":{"start":{"line":49,"column":12},"end":{"line":49,"column":null}},"type":"if","locations":[{"start":{"line":49,"column":12},"end":{"line":49,"column":null}},{"start":{},"end":{}}],"line":49},"8":{"loc":{"start":{"line":50,"column":12},"end":{"line":50,"column":null}},"type":"if","locations":[{"start":{"line":50,"column":12},"end":{"line":50,"column":null}},{"start":{},"end":{}}],"line":50},"9":{"loc":{"start":{"line":51,"column":12},"end":{"line":53,"column":null}},"type":"if","locations":[{"start":{"line":51,"column":12},"end":{"line":53,"column":null}},{"start":{},"end":{}}],"line":51},"10":{"loc":{"start":{"line":51,"column":16},"end":{"line":51,"column":56}},"type":"binary-expr","locations":[{"start":{"line":51,"column":16},"end":{"line":51,"column":37}},{"start":{"line":51,"column":41},"end":{"line":51,"column":56}}],"line":51},"11":{"loc":{"start":{"line":57,"column":8},"end":{"line":57,"column":null}},"type":"if","locations":[{"start":{"line":57,"column":8},"end":{"line":57,"column":null}},{"start":{},"end":{}}],"line":57},"12":{"loc":{"start":{"line":58,"column":8},"end":{"line":58,"column":null}},"type":"if","locations":[{"start":{"line":58,"column":8},"end":{"line":58,"column":null}},{"start":{},"end":{}}],"line":58},"13":{"loc":{"start":{"line":59,"column":8},"end":{"line":59,"column":null}},"type":"if","locations":[{"start":{"line":59,"column":8},"end":{"line":59,"column":null}},{"start":{},"end":{}}],"line":59},"14":{"loc":{"start":{"line":90,"column":34},"end":{"line":90,"column":null}},"type":"cond-expr","locations":[{"start":{"line":90,"column":50},"end":{"line":90,"column":72}},{"start":{"line":90,"column":75},"end":{"line":90,"column":null}}],"line":90},"15":{"loc":{"start":{"line":92,"column":8},"end":{"line":103,"column":null}},"type":"if","locations":[{"start":{"line":92,"column":8},"end":{"line":103,"column":null}},{"start":{},"end":{}}],"line":92},"16":{"loc":{"start":{"line":92,"column":12},"end":{"line":92,"column":61}},"type":"binary-expr","locations":[{"start":{"line":92,"column":12},"end":{"line":92,"column":29}},{"start":{"line":92,"column":33},"end":{"line":92,"column":61}}],"line":92},"17":{"loc":{"start":{"line":93,"column":68},"end":{"line":93,"column":103}},"type":"cond-expr","locations":[{"start":{"line":93,"column":79},"end":{"line":93,"column":96}},{"start":{"line":93,"column":99},"end":{"line":93,"column":103}}],"line":93},"18":{"loc":{"start":{"line":94,"column":13},"end":{"line":102,"column":null}},"type":"if","locations":[{"start":{"line":94,"column":13},"end":{"line":102,"column":null}},{"start":{},"end":{}}],"line":94},"19":{"loc":{"start":{"line":95,"column":71},"end":{"line":95,"column":95}},"type":"cond-expr","locations":[{"start":{"line":95,"column":88},"end":{"line":95,"column":89}},{"start":{"line":95,"column":92},"end":{"line":95,"column":95}}],"line":95},"20":{"loc":{"start":{"line":98,"column":24},"end":{"line":98,"column":66}},"type":"binary-expr","locations":[{"start":{"line":98,"column":24},"end":{"line":98,"column":43}},{"start":{"line":98,"column":47},"end":{"line":98,"column":66}}],"line":98},"21":{"loc":{"start":{"line":105,"column":8},"end":{"line":107,"column":null}},"type":"if","locations":[{"start":{"line":105,"column":8},"end":{"line":107,"column":null}},{"start":{},"end":{}}],"line":105},"22":{"loc":{"start":{"line":110,"column":9},"end":{"line":167,"column":null}},"type":"if","locations":[{"start":{"line":110,"column":9},"end":{"line":167,"column":null}},{"start":{},"end":{}}],"line":110},"23":{"loc":{"start":{"line":120,"column":13},"end":{"line":166,"column":null}},"type":"if","locations":[{"start":{"line":120,"column":13},"end":{"line":166,"column":null}},{"start":{},"end":{}}],"line":120},"24":{"loc":{"start":{"line":121,"column":17},"end":{"line":130,"column":null}},"type":"if","locations":[{"start":{"line":121,"column":17},"end":{"line":130,"column":null}},{"start":{},"end":{}}],"line":121},"25":{"loc":{"start":{"line":125,"column":32},"end":{"line":125,"column":71}},"type":"binary-expr","locations":[{"start":{"line":125,"column":32},"end":{"line":125,"column":47}},{"start":{"line":125,"column":51},"end":{"line":125,"column":71}}],"line":125},"26":{"loc":{"start":{"line":132,"column":17},"end":{"line":138,"column":null}},"type":"if","locations":[{"start":{"line":132,"column":17},"end":{"line":138,"column":null}},{"start":{},"end":{}}],"line":132},"27":{"loc":{"start":{"line":132,"column":21},"end":{"line":132,"column":72}},"type":"binary-expr","locations":[{"start":{"line":132,"column":21},"end":{"line":132,"column":40}},{"start":{"line":132,"column":44},"end":{"line":132,"column":72}}],"line":132},"28":{"loc":{"start":{"line":135,"column":24},"end":{"line":135,"column":null}},"type":"if","locations":[{"start":{"line":135,"column":24},"end":{"line":135,"column":null}},{"start":{},"end":{}}],"line":135},"29":{"loc":{"start":{"line":137,"column":21},"end":{"line":137,"column":null}},"type":"if","locations":[{"start":{"line":137,"column":21},"end":{"line":137,"column":null}},{"start":{},"end":{}}],"line":137},"30":{"loc":{"start":{"line":139,"column":17},"end":{"line":145,"column":null}},"type":"if","locations":[{"start":{"line":139,"column":17},"end":{"line":145,"column":null}},{"start":{},"end":{}}],"line":139},"31":{"loc":{"start":{"line":139,"column":21},"end":{"line":139,"column":76}},"type":"binary-expr","locations":[{"start":{"line":139,"column":21},"end":{"line":139,"column":35}},{"start":{"line":139,"column":39},"end":{"line":139,"column":76}}],"line":139},"32":{"loc":{"start":{"line":141,"column":24},"end":{"line":143,"column":null}},"type":"if","locations":[{"start":{"line":141,"column":24},"end":{"line":143,"column":null}},{"start":{},"end":{}}],"line":141},"33":{"loc":{"start":{"line":141,"column":28},"end":{"line":141,"column":71}},"type":"binary-expr","locations":[{"start":{"line":141,"column":28},"end":{"line":141,"column":40}},{"start":{"line":141,"column":44},"end":{"line":141,"column":71}}],"line":141},"34":{"loc":{"start":{"line":146,"column":56},"end":{"line":146,"column":67}},"type":"binary-expr","locations":[{"start":{"line":146,"column":56},"end":{"line":146,"column":62}},{"start":{"line":146,"column":66},"end":{"line":146,"column":67}}],"line":146},"35":{"loc":{"start":{"line":157,"column":21},"end":{"line":164,"column":null}},"type":"if","locations":[{"start":{"line":157,"column":21},"end":{"line":164,"column":null}},{"start":{},"end":{}}],"line":157},"36":{"loc":{"start":{"line":157,"column":25},"end":{"line":157,"column":49}},"type":"binary-expr","locations":[{"start":{"line":157,"column":25},"end":{"line":157,"column":36}},{"start":{"line":157,"column":40},"end":{"line":157,"column":49}}],"line":157},"37":{"loc":{"start":{"line":160,"column":32},"end":{"line":160,"column":71}},"type":"binary-expr","locations":[{"start":{"line":160,"column":32},"end":{"line":160,"column":47}},{"start":{"line":160,"column":51},"end":{"line":160,"column":71}}],"line":160},"38":{"loc":{"start":{"line":169,"column":15},"end":{"line":169,"column":143}},"type":"binary-expr","locations":[{"start":{"line":169,"column":15},"end":{"line":169,"column":46}},{"start":{"line":169,"column":50},"end":{"line":169,"column":81}},{"start":{"line":169,"column":85},"end":{"line":169,"column":143}}],"line":169},"39":{"loc":{"start":{"line":177,"column":25},"end":{"line":177,"column":null}},"type":"cond-expr","locations":[{"start":{"line":177,"column":51},"end":{"line":177,"column":76}},{"start":{"line":177,"column":79},"end":{"line":177,"column":null}}],"line":177},"40":{"loc":{"start":{"line":183,"column":8},"end":{"line":190,"column":null}},"type":"if","locations":[{"start":{"line":183,"column":8},"end":{"line":190,"column":null}},{"start":{},"end":{}}],"line":183},"41":{"loc":{"start":{"line":186,"column":24},"end":{"line":186,"column":116}},"type":"binary-expr","locations":[{"start":{"line":186,"column":24},"end":{"line":186,"column":43}},{"start":{"line":186,"column":47},"end":{"line":186,"column":66}},{"start":{"line":186,"column":70},"end":{"line":186,"column":116}}],"line":186},"42":{"loc":{"start":{"line":194,"column":8},"end":{"line":198,"column":null}},"type":"if","locations":[{"start":{"line":194,"column":8},"end":{"line":198,"column":null}},{"start":{},"end":{}}],"line":194},"43":{"loc":{"start":{"line":194,"column":12},"end":{"line":194,"column":57}},"type":"binary-expr","locations":[{"start":{"line":194,"column":12},"end":{"line":194,"column":27}},{"start":{"line":194,"column":31},"end":{"line":194,"column":57}}],"line":194}},"s":{"0":15,"1":15,"2":1,"3":1,"4":1,"5":1,"6":1,"7":1,"8":1,"9":1,"10":1,"11":1,"12":1,"13":1,"14":1,"15":1,"16":1,"17":1,"18":1,"19":1,"20":2,"21":0,"22":2,"23":1,"24":1,"25":0,"26":1,"27":1,"28":1,"29":1,"30":1,"31":1,"32":0,"33":1,"34":1,"35":1,"36":1,"37":1,"38":1,"39":1,"40":1,"41":1,"42":14,"43":14,"44":14,"45":1,"46":1,"47":1,"48":1,"49":1,"50":1,"51":1,"52":1,"53":0,"54":1,"55":14,"56":0,"57":14,"58":14,"59":4,"60":4,"61":4,"62":2,"63":1,"64":1,"65":1,"66":1,"67":1,"68":4,"69":4,"70":2,"71":2,"72":2,"73":0,"74":2,"75":2,"76":4,"77":1,"78":1,"79":1,"80":4,"81":2,"82":4,"83":4,"84":1,"85":1,"86":1,"87":1,"88":1,"89":1,"90":14,"91":6,"92":14,"93":14,"94":7,"95":14,"96":14,"97":14,"98":14,"99":7,"100":7,"101":1,"102":1,"103":2,"104":14,"105":14,"106":1,"107":1},"f":{"0":15,"1":1,"2":1,"3":1,"4":1,"5":1,"6":2,"7":1,"8":1,"9":14,"10":1,"11":1,"12":1,"13":1,"14":1,"15":2,"16":1,"17":7},"b":{"0":[15,0],"1":[15,0],"2":[1,0],"3":[1,0],"4":[1,0],"5":[1,0],"6":[1,0],"7":[0,2],"8":[1,1],"9":[0,1],"10":[1,1],"11":[1,0],"12":[1,0],"13":[0,1],"14":[14,0],"15":[1,13],"16":[14,14],"17":[1,0],"18":[1,0],"19":[0,1],"20":[1,1],"21":[0,14],"22":[4,10],"23":[4,0],"24":[2,2],"25":[1,2],"26":[2,2],"27":[4,2],"28":[0,2],"29":[2,0],"30":[1,3],"31":[4,1],"32":[1,0],"33":[1,1],"34":[2,1],"35":[1,0],"36":[1,1],"37":[1,2],"38":[14,19,18],"39":[7,7],"40":[7,7],"41":[1,2,1],"42":[1,13],"43":[14,14]},"meta":{"lastBranch":44,"lastFunction":18,"lastStatement":108,"seen":{"f:6:4:6:15":0,"s:7:8:7:Infinity":0,"b:7:26:7:36:7:40:7:Infinity":0,"s:8:8:8:Infinity":1,"b:8:22:8:34:8:38:8:Infinity":1,"f:11:10:11:17":1,"s:12:8:12:Infinity":2,"f:15:10:15:16":2,"b:16:8:18:Infinity:undefined:undefined:undefined:undefined":2,"s:16:8:18:Infinity":3,"s:17:12:17:Infinity":4,"s:19:21:19:Infinity":5,"b:20:8:22:Infinity:undefined:undefined:undefined:undefined":3,"s:20:8:22:Infinity":6,"s:21:12:21:Infinity":7,"s:23:8:23:Infinity":8,"f:26:10:26:16":3,"b:27:8:29:Infinity:undefined:undefined:undefined:undefined":4,"s:27:8:29:Infinity":9,"s:28:13:28:Infinity":10,"b:30:8:32:Infinity:undefined:undefined:undefined:undefined":5,"s:30:8:32:Infinity":11,"s:31:12:31:Infinity":12,"s:33:21:33:Infinity":13,"b:34:8:36:Infinity:undefined:undefined:undefined:undefined":6,"s:34:8:36:Infinity":14,"s:35:12:35:Infinity":15,"s:37:8:37:Infinity":16,"f:40:10:40:16":4,"s:41:8:41:Infinity":17,"f:44:10:44:22":5,"s:46:24:46:Infinity":18,"s:48:26:55:Infinity":19,"f:48:26:48:27":6,"b:49:12:49:Infinity:undefined:undefined:undefined:undefined":7,"s:49:12:49:Infinity":20,"s:49:20:49:Infinity":21,"b:50:12:50:Infinity:undefined:undefined:undefined:undefined":8,"s:50:12:50:Infinity":22,"s:50:35:50:Infinity":23,"b:51:12:53:Infinity:undefined:undefined:undefined:undefined":9,"s:51:12:53:Infinity":24,"b:51:16:51:37:51:41:51:56":10,"s:52:16:52:Infinity":25,"s:54:12:54:Infinity":26,"b:57:8:57:Infinity:undefined:undefined:undefined:undefined":11,"s:57:8:57:Infinity":27,"s:57:23:57:Infinity":28,"b:58:8:58:Infinity:undefined:undefined:undefined:undefined":12,"s:58:8:58:Infinity":29,"s:58:21:58:Infinity":30,"b:59:8:59:Infinity:undefined:undefined:undefined:undefined":13,"s:59:8:59:Infinity":31,"s:59:28:59:Infinity":32,"s:61:8:61:Infinity":33,"s:62:8:62:Infinity":34,"s:63:8:63:Infinity":35,"f:66:10:66:23":7,"s:67:8:71:Infinity":36,"s:73:8:73:Infinity":37,"s:74:8:74:Infinity":38,"f:77:10:77:26":8,"s:78:8:82:Infinity":39,"s:83:8:83:Infinity":40,"s:84:8:84:Infinity":41,"f:87:10:87:28":9,"s:88:21:88:Infinity":42,"s:90:34:90:Infinity":43,"b:90:50:90:72:90:75:90:Infinity":14,"b:92:8:103:Infinity:undefined:undefined:undefined:undefined":15,"s:92:8:103:Infinity":44,"b:92:12:92:29:92:33:92:61":16,"s:93:41:93:Infinity":45,"f:93:63:93:64":10,"s:93:68:93:103":46,"b:93:79:93:96:93:99:93:103":17,"f:93:112:93:113":11,"s:93:117:93:118":47,"b:94:13:102:Infinity:undefined:undefined:undefined:undefined":18,"s:94:13:102:Infinity":48,"s:95:32:95:Infinity":49,"f:95:59:95:60":12,"s:95:71:95:95":50,"b:95:88:95:89:95:92:95:95":19,"s:97:31:97:Infinity":51,"s:98:17:100:Infinity":52,"b:98:24:98:43:98:47:98:66":20,"s:99:21:99:Infinity":53,"s:101:17:101:Infinity":54,"b:105:8:107:Infinity:undefined:undefined:undefined:undefined":21,"s:105:8:107:Infinity":55,"s:106:12:106:Infinity":56,"s:109:29:109:Infinity":57,"b:110:9:167:Infinity:undefined:undefined:undefined:undefined":22,"s:110:9:167:Infinity":58,"s:111:25:118:Infinity":59,"b:120:13:166:Infinity:undefined:undefined:undefined:undefined":23,"s:120:13:166:Infinity":60,"b:121:17:130:Infinity:undefined:undefined:undefined:undefined":24,"s:121:17:130:Infinity":61,"s:122:21:129:Infinity":62,"f:122:42:122:43":13,"s:123:32:123:Infinity":63,"s:124:36:124:Infinity":64,"s:125:25:128:Infinity":65,"b:125:32:125:47:125:51:125:71":25,"s:126:29:126:Infinity":66,"s:127:29:127:Infinity":67,"s:131:32:131:Infinity":68,"b:132:17:138:Infinity:undefined:undefined:undefined:undefined":26,"s:132:17:138:Infinity":69,"b:132:21:132:40:132:44:132:72":27,"s:133:33:133:Infinity":70,"s:134:21:136:Infinity":71,"b:135:24:135:Infinity:undefined:undefined:undefined:undefined":28,"s:135:24:135:Infinity":72,"s:135:55:135:Infinity":73,"b:137:21:137:Infinity:undefined:undefined:undefined:undefined":29,"s:137:21:137:Infinity":74,"s:137:47:137:Infinity":75,"b:139:17:145:Infinity:undefined:undefined:undefined:undefined":30,"s:139:17:145:Infinity":76,"b:139:21:139:35:139:39:139:76":31,"s:140:21:144:Infinity":77,"f:140:67:140:70":14,"b:141:24:143:Infinity:undefined:undefined:undefined:undefined":32,"s:141:24:143:Infinity":78,"b:141:28:141:40:141:44:141:71":33,"s:142:28:142:Infinity":79,"s:146:17:146:Infinity":80,"f:146:34:146:35":15,"s:146:39:146:68":81,"b:146:56:146:62:146:66:146:67":34,"s:148:36:154:Infinity":82,"s:156:17:165:Infinity":83,"f:156:36:156:37":16,"b:157:21:164:Infinity:undefined:undefined:undefined:undefined":35,"s:157:21:164:Infinity":84,"b:157:25:157:36:157:40:157:49":36,"s:158:32:158:Infinity":85,"s:159:36:159:Infinity":86,"s:160:25:163:Infinity":87,"b:160:32:160:47:160:51:160:71":37,"s:161:29:161:Infinity":88,"s:162:29:162:Infinity":89,"s:169:8:171:Infinity":90,"b:169:15:169:46:169:50:169:81:169:85:169:143":38,"s:170:13:170:Infinity":91,"s:173:8:173:Infinity":92,"s:176:29:176:Infinity":93,"f:176:50:176:51":17,"s:176:55:176:62":94,"s:177:25:177:Infinity":95,"b:177:51:177:76:177:79:177:Infinity":39,"s:179:27:179:Infinity":96,"s:181:22:181:Infinity":97,"b:183:8:190:Infinity:undefined:undefined:undefined:undefined":40,"s:183:8:190:Infinity":98,"s:184:12:189:Infinity":99,"s:184:25:184:26":100,"s:185:17:185:Infinity":101,"s:186:17:188:Infinity":102,"b:186:24:186:43:186:47:186:66:186:70:186:116":41,"s:187:21:187:Infinity":103,"s:192:8:192:Infinity":104,"b:194:8:198:Infinity:undefined:undefined:undefined:undefined":42,"s:194:8:198:Infinity":105,"b:194:12:194:27:194:31:194:57":43,"s:195:12:197:Infinity":106,"s:196:16:196:Infinity":107}}}
,"/home/die/projects/workload/backend/src/application/services/WorkCenterService.js": {"path":"/home/die/projects/workload/backend/src/application/services/WorkCenterService.js","statementMap":{"0":{"start":{"line":6,"column":8},"end":{"line":6,"column":null}},"1":{"start":{"line":7,"column":8},"end":{"line":7,"column":null}},"2":{"start":{"line":11,"column":8},"end":{"line":11,"column":null}},"3":{"start":{"line":15,"column":8},"end":{"line":15,"column":null}},"4":{"start":{"line":19,"column":8},"end":{"line":19,"column":null}},"5":{"start":{"line":23,"column":8},"end":{"line":23,"column":null}},"6":{"start":{"line":27,"column":8},"end":{"line":27,"column":null}},"7":{"start":{"line":31,"column":8},"end":{"line":31,"column":null}},"8":{"start":{"line":35,"column":8},"end":{"line":35,"column":null}}},"fnMap":{"0":{"name":"(anonymous_0)","decl":{"start":{"line":5,"column":4},"end":{"line":5,"column":15}},"loc":{"start":{"line":5,"column":40},"end":{"line":8,"column":null}},"line":5},"1":{"name":"(anonymous_1)","decl":{"start":{"line":10,"column":10},"end":{"line":10,"column":16}},"loc":{"start":{"line":10,"column":19},"end":{"line":12,"column":null}},"line":10},"2":{"name":"(anonymous_2)","decl":{"start":{"line":14,"column":10},"end":{"line":14,"column":16}},"loc":{"start":{"line":14,"column":23},"end":{"line":16,"column":null}},"line":14},"3":{"name":"(anonymous_3)","decl":{"start":{"line":18,"column":10},"end":{"line":18,"column":16}},"loc":{"start":{"line":18,"column":27},"end":{"line":20,"column":null}},"line":18},"4":{"name":"(anonymous_4)","decl":{"start":{"line":22,"column":10},"end":{"line":22,"column":16}},"loc":{"start":{"line":22,"column":21},"end":{"line":24,"column":null}},"line":22},"5":{"name":"(anonymous_5)","decl":{"start":{"line":26,"column":10},"end":{"line":26,"column":30}},"loc":{"start":{"line":26,"column":62},"end":{"line":28,"column":null}},"line":26},"6":{"name":"(anonymous_6)","decl":{"start":{"line":30,"column":10},"end":{"line":30,"column":35}},"loc":{"start":{"line":30,"column":42},"end":{"line":32,"column":null}},"line":30},"7":{"name":"(anonymous_7)","decl":{"start":{"line":34,"column":10},"end":{"line":34,"column":35}},"loc":{"start":{"line":34,"column":50},"end":{"line":36,"column":null}},"line":34}},"branchMap":{"0":{"loc":{"start":{"line":6,"column":26},"end":{"line":6,"column":null}},"type":"binary-expr","locations":[{"start":{"line":6,"column":26},"end":{"line":6,"column":36}},{"start":{"line":6,"column":40},"end":{"line":6,"column":null}}],"line":6},"1":{"loc":{"start":{"line":7,"column":26},"end":{"line":7,"column":null}},"type":"binary-expr","locations":[{"start":{"line":7,"column":26},"end":{"line":7,"column":36}},{"start":{"line":7,"column":40},"end":{"line":7,"column":null}}],"line":7}},"s":{"0":3,"1":3,"2":1,"3":1,"4":1,"5":1,"6":1,"7":1,"8":1},"f":{"0":3,"1":1,"2":1,"3":1,"4":1,"5":1,"6":1,"7":1},"b":{"0":[3,0],"1":[3,0]},"meta":{"lastBranch":2,"lastFunction":8,"lastStatement":9,"seen":{"f:5:4:5:15":0,"s:6:8:6:Infinity":0,"b:6:26:6:36:6:40:6:Infinity":0,"s:7:8:7:Infinity":1,"b:7:26:7:36:7:40:7:Infinity":1,"f:10:10:10:16":1,"s:11:8:11:Infinity":2,"f:14:10:14:16":2,"s:15:8:15:Infinity":3,"f:18:10:18:16":3,"s:19:8:19:Infinity":4,"f:22:10:22:16":4,"s:23:8:23:Infinity":5,"f:26:10:26:30":5,"s:27:8:27:Infinity":6,"f:30:10:30:35":6,"s:31:8:31:Infinity":7,"f:34:10:34:35":7,"s:35:8:35:Infinity":8}}}
,"/home/die/projects/workload/backend/src/application/services/WorkPackageService.js": {"path":"/home/die/projects/workload/backend/src/application/services/WorkPackageService.js","statementMap":{"0":{"start":{"line":5,"column":8},"end":{"line":5,"column":null}},"1":{"start":{"line":9,"column":8},"end":{"line":9,"column":null}},"2":{"start":{"line":13,"column":8},"end":{"line":13,"column":null}},"3":{"start":{"line":17,"column":8},"end":{"line":19,"column":null}},"4":{"start":{"line":18,"column":12},"end":{"line":18,"column":null}},"5":{"start":{"line":20,"column":8},"end":{"line":20,"column":null}},"6":{"start":{"line":24,"column":8},"end":{"line":26,"column":null}},"7":{"start":{"line":25,"column":12},"end":{"line":25,"column":null}},"8":{"start":{"line":27,"column":8},"end":{"line":27,"column":null}},"9":{"start":{"line":31,"column":8},"end":{"line":31,"column":null}}},"fnMap":{"0":{"name":"(anonymous_0)","decl":{"start":{"line":4,"column":4},"end":{"line":4,"column":15}},"loc":{"start":{"line":4,"column":28},"end":{"line":6,"column":null}},"line":4},"1":{"name":"(anonymous_1)","decl":{"start":{"line":8,"column":10},"end":{"line":8,"column":13}},"loc":{"start":{"line":8,"column":18},"end":{"line":10,"column":null}},"line":8},"2":{"name":"(anonymous_2)","decl":{"start":{"line":12,"column":10},"end":{"line":12,"column":22}},"loc":{"start":{"line":12,"column":49},"end":{"line":14,"column":null}},"line":12},"3":{"name":"(anonymous_3)","decl":{"start":{"line":16,"column":10},"end":{"line":16,"column":16}},"loc":{"start":{"line":16,"column":23},"end":{"line":21,"column":null}},"line":16},"4":{"name":"(anonymous_4)","decl":{"start":{"line":23,"column":10},"end":{"line":23,"column":16}},"loc":{"start":{"line":23,"column":27},"end":{"line":28,"column":null}},"line":23},"5":{"name":"(anonymous_5)","decl":{"start":{"line":30,"column":10},"end":{"line":30,"column":16}},"loc":{"start":{"line":30,"column":21},"end":{"line":32,"column":null}},"line":30}},"branchMap":{"0":{"loc":{"start":{"line":5,"column":26},"end":{"line":5,"column":null}},"type":"binary-expr","locations":[{"start":{"line":5,"column":26},"end":{"line":5,"column":36}},{"start":{"line":5,"column":40},"end":{"line":5,"column":null}}],"line":5},"1":{"loc":{"start":{"line":12,"column":34},"end":{"line":12,"column":47}},"type":"default-arg","locations":[{"start":{"line":12,"column":43},"end":{"line":12,"column":47}}],"line":12},"2":{"loc":{"start":{"line":17,"column":8},"end":{"line":19,"column":null}},"type":"if","locations":[{"start":{"line":17,"column":8},"end":{"line":19,"column":null}},{"start":{},"end":{}}],"line":17},"3":{"loc":{"start":{"line":24,"column":8},"end":{"line":26,"column":null}},"type":"if","locations":[{"start":{"line":24,"column":8},"end":{"line":26,"column":null}},{"start":{},"end":{}}],"line":24}},"s":{"0":8,"1":1,"2":2,"3":2,"4":1,"5":2,"6":2,"7":1,"8":2,"9":1},"f":{"0":8,"1":1,"2":2,"3":2,"4":2,"5":1},"b":{"0":[8,0],"1":[2],"2":[1,1],"3":[1,1]},"meta":{"lastBranch":4,"lastFunction":6,"lastStatement":10,"seen":{"f:4:4:4:15":0,"s:5:8:5:Infinity":0,"b:5:26:5:36:5:40:5:Infinity":0,"f:8:10:8:13":1,"s:9:8:9:Infinity":1,"f:12:10:12:22":2,"b:12:43:12:47":1,"s:13:8:13:Infinity":2,"f:16:10:16:16":3,"b:17:8:19:Infinity:undefined:undefined:undefined:undefined":2,"s:17:8:19:Infinity":3,"s:18:12:18:Infinity":4,"s:20:8:20:Infinity":5,"f:23:10:23:16":4,"b:24:8:26:Infinity:undefined:undefined:undefined:undefined":3,"s:24:8:26:Infinity":6,"s:25:12:25:Infinity":7,"s:27:8:27:Infinity":8,"f:30:10:30:16":5,"s:31:8:31:Infinity":9}}}
[...]
e":14,"column":10},"end":{"line":14,"column":16}},"loc":{"start":{"line":14,"column":21},"end":{"line":14,"column":null}},"line":14},"8":{"name":"(anonymous_8)","decl":{"start":{"line":18,"column":10},"end":{"line":18,"column":17}},"loc":{"start":{"line":18,"column":34},"end":{"line":18,"column":null}},"line":18},"9":{"name":"(anonymous_9)","decl":{"start":{"line":19,"column":10},"end":{"line":19,"column":16}},"loc":{"start":{"line":19,"column":23},"end":{"line":19,"column":null}},"line":19},"10":{"name":"(anonymous_10)","decl":{"start":{"line":20,"column":10},"end":{"line":20,"column":16}},"loc":{"start":{"line":20,"column":21},"end":{"line":20,"column":null}},"line":20},"11":{"name":"(anonymous_11)","decl":{"start":{"line":24,"column":10},"end":{"line":24,"column":17}},"loc":{"start":{"line":24,"column":34},"end":{"line":24,"column":null}},"line":24},"12":{"name":"(anonymous_12)","decl":{"start":{"line":25,"column":10},"end":{"line":25,"column":16}},"loc":{"start":{"line":25,"column":23},"end":{"line":25,"column":null}},"line":25},"13":{"name":"(anonymous_13)","decl":{"start":{"line":26,"column":10},"end":{"line":26,"column":16}},"loc":{"start":{"line":26,"column":27},"end":{"line":26,"column":null}},"line":26},"14":{"name":"(anonymous_14)","decl":{"start":{"line":27,"column":10},"end":{"line":27,"column":16}},"loc":{"start":{"line":27,"column":21},"end":{"line":30,"column":null}},"line":27},"15":{"name":"(anonymous_15)","decl":{"start":{"line":31,"column":10},"end":{"line":31,"column":20}},"loc":{"start":{"line":31,"column":25},"end":{"line":33,"column":null}},"line":31},"16":{"name":"(anonymous_16)","decl":{"start":{"line":37,"column":10},"end":{"line":37,"column":17}},"loc":{"start":{"line":37,"column":34},"end":{"line":37,"column":null}},"line":37},"17":{"name":"(anonymous_17)","decl":{"start":{"line":38,"column":10},"end":{"line":38,"column":16}},"loc":{"start":{"line":38,"column":23},"end":{"line":38,"column":null}},"line":38},"18":{"name":"(anonymous_18)","decl":{"start":{"line":39,"column":10},"end":{"line":39,"column":16}},"loc":{"start":{"line":39,"column":27},"end":{"line":39,"column":null}},"line":39},"19":{"name":"(anonymous_19)","decl":{"start":{"line":40,"column":10},"end":{"line":40,"column":16}},"loc":{"start":{"line":40,"column":21},"end":{"line":40,"column":null}},"line":40},"20":{"name":"(anonymous_20)","decl":{"start":{"line":44,"column":10},"end":{"line":44,"column":17}},"loc":{"start":{"line":44,"column":34},"end":{"line":44,"column":null}},"line":44},"21":{"name":"(anonymous_21)","decl":{"start":{"line":45,"column":10},"end":{"line":45,"column":16}},"loc":{"start":{"line":45,"column":23},"end":{"line":45,"column":null}},"line":45},"22":{"name":"(anonymous_22)","decl":{"start":{"line":46,"column":10},"end":{"line":46,"column":16}},"loc":{"start":{"line":46,"column":27},"end":{"line":46,"column":null}},"line":46},"23":{"name":"(anonymous_23)","decl":{"start":{"line":47,"column":10},"end":{"line":47,"column":16}},"loc":{"start":{"line":47,"column":21},"end":{"line":47,"column":null}},"line":47},"24":{"name":"(anonymous_24)","decl":{"start":{"line":49,"column":10},"end":{"line":49,"column":18}},"loc":{"start":{"line":49,"column":65},"end":{"line":58,"column":null}},"line":49}},"branchMap":{},"s":{"0":0,"1":0,"2":0,"3":0,"4":0,"5":0,"6":0,"7":0,"8":0,"9":0,"10":0,"11":0,"12":0,"13":0,"14":0,"15":0,"16":0,"17":0,"18":0,"19":0,"20":0,"21":0,"22":0,"23":0,"24":0,"25":0,"26":0,"27":0,"28":0,"29":0,"30":0},"f":{"0":0,"1":0,"2":0,"3":0,"4":0,"5":0,"6":0,"7":0,"8":0,"9":0,"10":0,"11":0,"12":0,"13":0,"14":0,"15":0,"16":0,"17":0,"18":0,"19":0,"20":0,"21":0,"22":0,"23":0,"24":0},"b":{},"meta":{"lastBranch":0,"lastFunction":25,"lastStatement":31,"seen":{"f:4:10:4:17":0,"s:4:36:4:94":0,"f:5:10:5:18":1,"s:5:25:5:73":1,"f:6:10:6:16":2,"s:6:25:6:60":2,"f:7:10:7:16":3,"s:7:23:7:67":3,"s:7:68:7:79":4,"f:11:10:11:17":4,"s:11:36:11:95":5,"f:12:10:12:18":5,"s:12:25:12:74":6,"f:13:10:13:16":6,"s:13:25:13:61":7,"f:14:10:14:16":7,"s:14:23:14:68":8,"s:14:69:14:80":9,"f:18:10:18:17":8,"s:18:36:18:100":10,"f:19:10:19:16":9,"s:19:25:19:66":11,"f:20:10:20:16":10,"s:20:23:20:73":12,"s:20:74:20:85":13,"f:24:10:24:17":11,"s:24:36:24:128":14,"f:25:10:25:16":12,"s:25:25:25:69":15,"f:26:10:26:16":13,"s:26:29:26:88":16,"f:27:10:27:16":14,"s:28:8:28:61":17,"s:29:8:29:19":18,"f:31:10:31:20":15,"s:32:8:32:Infinity":19,"f:37:10:37:17":16,"s:37:36:37:128":20,"f:38:10:38:16":17,"s:38:25:38:69":21,"f:39:10:39:16":18,"s:39:29:39:88":22,"f:40:10:40:16":19,"s:40:23:40:76":23,"s:40:77:40:88":24,"f:44:10:44:17":20,"s:44:36:44:138":25,"f:45:10:45:16":21,"s:45:25:45:77":26,"f:46:10:46:16":22,"s:46:29:46:96":27,"f:47:10:47:16":23,"s:47:23:47:84":28,"s:47:85:47:96":29,"f:49:10:49:18":24,"s:50:8:57:Infinity":30}}}
,"/home/die/projects/workload/backend/src/infrastructure/repositories/PrismaProjectRepository.js": {"path":"/home/die/projects/workload/backend/src/infrastructure/repositories/PrismaProjectRepository.js","statementMap":{"0":{"start":{"line":5,"column":8},"end":{"line":5,"column":null}},"1":{"start":{"line":5,"column":29},"end":{"line":5,"column":null}},"2":{"start":{"line":6,"column":8},"end":{"line":24,"column":null}},"3":{"start":{"line":28,"column":8},"end":{"line":39,"column":null}},"4":{"start":{"line":43,"column":8},"end":{"line":45,"column":null}},"5":{"start":{"line":49,"column":8},"end":{"line":52,"column":null}},"6":{"start":{"line":56,"column":8},"end":{"line":56,"column":null}},"7":{"start":{"line":57,"column":8},"end":{"line":57,"column":null}},"8":{"start":{"line":61,"column":8},"end":{"line":64,"column":null}},"9":{"start":{"line":68,"column":8},"end":{"line":75,"column":null}},"10":{"start":{"line":79,"column":8},"end":{"line":79,"column":null}},"11":{"start":{"line":80,"column":8},"end":{"line":80,"column":null}},"12":{"start":{"line":84,"column":20},"end":{"line":86,"column":null}},"13":{"start":{"line":88,"column":8},"end":{"line":90,"column":null}},"14":{"start":{"line":89,"column":12},"end":{"line":89,"column":null}},"15":{"start":{"line":92,"column":25},"end":{"line":94,"column":null}},"16":{"start":{"line":97,"column":8},"end":{"line":108,"column":null}},"17":{"start":{"line":98,"column":12},"end":{"line":102,"column":null}},"18":{"start":{"line":104,"column":12},"end":{"line":107,"column":null}},"19":{"start":{"line":109,"column":8},"end":{"line":109,"column":null}},"20":{"start":{"line":113,"column":8},"end":{"line":115,"column":null}},"21":{"start":{"line":116,"column":8},"end":{"line":116,"column":null}},"22":{"start":{"line":120,"column":8},"end":{"line":123,"column":null}},"23":{"start":{"line":127,"column":8},"end":{"line":127,"column":null}},"24":{"start":{"line":128,"column":8},"end":{"line":128,"column":null}}},"fnMap":{"0":{"name":"(anonymous_0)","decl":{"start":{"line":4,"column":10},"end":{"line":4,"column":17}},"loc":{"start":{"line":4,"column":45},"end":{"line":25,"column":null}},"line":4},"1":{"name":"(anonymous_1)","decl":{"start":{"line":27,"column":10},"end":{"line":27,"column":18}},"loc":{"start":{"line":27,"column":23},"end":{"line":40,"column":null}},"line":27},"2":{"name":"(anonymous_2)","decl":{"start":{"line":42,"column":10},"end":{"line":42,"column":16}},"loc":{"start":{"line":42,"column":60},"end":{"line":46,"column":null}},"line":42},"3":{"name":"(anonymous_3)","decl":{"start":{"line":48,"column":10},"end":{"line":48,"column":16}},"loc":{"start":{"line":48,"column":27},"end":{"line":53,"column":null}},"line":48},"4":{"name":"(anonymous_4)","decl":{"start":{"line":55,"column":10},"end":{"line":55,"column":16}},"loc":{"start":{"line":55,"column":21},"end":{"line":58,"column":null}},"line":55},"5":{"name":"(anonymous_5)","decl":{"start":{"line":60,"column":10},"end":{"line":60,"column":24}},"loc":{"start":{"line":60,"column":77},"end":{"line":65,"column":null}},"line":60},"6":{"name":"(anonymous_6)","decl":{"start":{"line":67,"column":10},"end":{"line":67,"column":27}},"loc":{"start":{"line":67,"column":38},"end":{"line":76,"column":null}},"line":67},"7":{"name":"(anonymous_7)","decl":{"start":{"line":78,"column":10},"end":{"line":78,"column":27}},"loc":{"start":{"line":78,"column":32},"end":{"line":81,"column":null}},"line":78},"8":{"name":"(anonymous_8)","decl":{"start":{"line":83,"column":10},"end":{"line":83,"column":29}},"loc":{"start":{"line":83,"column":79},"end":{"line":110,"column":null}},"line":83},"9":{"name":"(anonymous_9)","decl":{"start":{"line":112,"column":10},"end":{"line":112,"column":32}},"loc":{"start":{"line":112,"column":57},"end":{"line":117,"column":null}},"line":112},"10":{"name":"(anonymous_10)","decl":{"start":{"line":119,"column":10},"end":{"line":119,"column":25}},"loc":{"start":{"line":119,"column":76},"end":{"line":124,"column":null}},"line":119},"11":{"name":"(anonymous_11)","decl":{"start":{"line":126,"column":10},"end":{"line":126,"column":25}},"loc":{"start":{"line":126,"column":30},"end":{"line":129,"column":null}},"line":126}},"branchMap":{"0":{"loc":{"start":{"line":4,"column":34},"end":{"line":4,"column":43}},"type":"default-arg","locations":[{"start":{"line":4,"column":41},"end":{"line":4,"column":43}}],"line":4},"1":{"loc":{"start":{"line":5,"column":8},"end":{"line":5,"column":null}},"type":"if","locations":[{"start":{"line":5,"column":8},"end":{"line":5,"column":null}},{"start":{},"end":{}}],"line":5},"2":{"loc":{"start":{"line":88,"column":8},"end":{"line":90,"column":null}},"type":"if","locations":[{"start":{"line":88,"column":8},"end":{"line":90,"column":null}},{"start":{},"end":{}}],"line":88},"3":{"loc":{"start":{"line":97,"column":8},"end":{"line":108,"column":null}},"type":"if","locations":[{"start":{"line":97,"column":8},"end":{"line":108,"column":null}},{"start":{"line":103,"column":15},"end":{"line":108,"column":null}}],"line":97}},"s":{"0":0,"1":0,"2":0,"3":0,"4":0,"5":0,"6":0,"7":0,"8":0,"9":0,"10":0,"11":0,"12":0,"13":0,"14":0,"15":0,"16":0,"17":0,"18":0,"19":0,"20":0,"21":0,"22":0,"23":0,"24":0},"f":{"0":0,"1":0,"2":0,"3":0,"4":0,"5":0,"6":0,"7":0,"8":0,"9":0,"10":0,"11":0},"b":{"0":[0],"1":[0,0],"2":[0,0],"3":[0,0]},"meta":{"lastBranch":4,"lastFunction":12,"lastStatement":25,"seen":{"f:4:10:4:17":0,"b:4:41:4:43":0,"b:5:8:5:Infinity:undefined:undefined:undefined:undefined":1,"s:5:8:5:Infinity":0,"s:5:29:5:Infinity":1,"s:6:8:24:Infinity":2,"f:27:10:27:18":1,"s:28:8:39:Infinity":3,"f:42:10:42:16":2,"s:43:8:45:Infinity":4,"f:48:10:48:16":3,"s:49:8:52:Infinity":5,"f:55:10:55:16":4,"s:56:8:56:Infinity":6,"s:57:8:57:Infinity":7,"f:60:10:60:24":5,"s:61:8:64:Infinity":8,"f:67:10:67:27":6,"s:68:8:75:Infinity":9,"f:78:10:78:27":7,"s:79:8:79:Infinity":10,"s:80:8:80:Infinity":11,"f:83:10:83:29":8,"s:84:20:86:Infinity":12,"b:88:8:90:Infinity:undefined:undefined:undefined:undefined":2,"s:88:8:90:Infinity":13,"s:89:12:89:Infinity":14,"s:92:25:94:Infinity":15,"b:97:8:108:Infinity:103:15:108:Infinity":3,"s:97:8:108:Infinity":16,"s:98:12:102:Infinity":17,"s:104:12:107:Infinity":18,"s:109:8:109:Infinity":19,"f:112:10:112:32":9,"s:113:8:115:Infinity":20,"s:116:8:116:Infinity":21,"f:119:10:119:25":10,"s:120:8:123:Infinity":22,"f:126:10:126:25":11,"s:127:8:127:Infinity":23,"s:128:8:128:Infinity":24}}}
,"/home/die/projects/workload/backend/src/infrastructure/repositories/PrismaTaskRepository.js": {"path":"/home/die/projects/workload/backend/src/infrastructure/repositories/PrismaTaskRepository.js","statementMap":{"0":{"start":{"line":5,"column":8},"end":{"line":14,"column":null}},"1":{"start":{"line":18,"column":8},"end":{"line":30,"column":null}},"2":{"start":{"line":34,"column":8},"end":{"line":41,"column":null}},"3":{"start":{"line":45,"column":8},"end":{"line":45,"column":null}},"4":{"start":{"line":46,"column":8},"end":{"line":46,"column":null}},"5":{"start":{"line":50,"column":21},"end":{"line":50,"column":null}},"6":{"start":{"line":51,"column":8},"end":{"line":51,"column":null}},"7":{"start":{"line":51,"column":23},"end":{"line":51,"column":null}},"8":{"start":{"line":52,"column":8},"end":{"line":52,"column":null}},"9":{"start":{"line":52,"column":21},"end":{"line":52,"column":null}},"10":{"start":{"line":53,"column":8},"end":{"line":53,"column":null}},"11":{"start":{"line":53,"column":42},"end":{"line":53,"column":null}},"12":{"start":{"line":55,"column":8},"end":{"line":62,"column":null}}},"fnMap":{"0":{"name":"(anonymous_0)","decl":{"start":{"line":4,"column":10},"end":{"line":4,"column":18}},"loc":{"start":{"line":4,"column":23},"end":{"line":15,"column":null}},"line":4},"1":{"name":"(anonymous_1)","decl":{"start":{"line":17,"column":10},"end":{"line":17,"column":16}},"loc":{"start":{"line":17,"column":82},"end":{"line":31,"column":null}},"line":17},"2":{"name":"(anonymous_2)","decl":{"start":{"line":33,"column":10},"end":{"line":33,"column":16}},"loc":{"start":{"line":33,"column":27},"end":{"line":42,"column":null}},"line":33},"3":{"name":"(anonymous_3)","decl":{"start":{"line":44,"column":10},"end":{"line":44,"column":16}},"loc":{"start":{"line":44,"column":21},"end":{"line":47,"column":null}},"line":44},"4":{"name":"(anonymous_4)","decl":{"start":{"line":49,"column":10},"end":{"line":49,"column":24}},"loc":{"start":{"line":49,"column":88},"end":{"line":63,"column":null}},"line":49}},"branchMap":{"0":{"loc":{"start":{"line":51,"column":8},"end":{"line":51,"column":null}},"type":"if","locations":[{"start":{"line":51,"column":8},"end":{"line":51,"column":null}},{"start":{},"end":{}}],"line":51},"1":{"loc":{"start":{"line":52,"column":8},"end":{"line":52,"column":null}},"type":"if","locations":[{"start":{"line":52,"column":8},"end":{"line":52,"column":null}},{"start":{},"end":{}}],"line":52},"2":{"loc":{"start":{"line":53,"column":8},"end":{"line":53,"column":null}},"type":"if","locations":[{"start":{"line":53,"column":8},"end":{"line":53,"column":null}},{"start":{},"end":{}}],"line":53}},"s":{"0":0,"1":0,"2":0,"3":0,"4":0,"5":0,"6":0,"7":0,"8":0,"9":0,"10":0,"11":0,"12":0},"f":{"0":0,"1":0,"2":0,"3":0,"4":0},"b":{"0":[0,0],"1":[0,0],"2":[0,0]},"meta":{"lastBranch":3,"lastFunction":5,"lastStatement":13,"seen":{"f:4:10:4:18":0,"s:5:8:14:Infinity":0,"f:17:10:17:16":1,"s:18:8:30:Infinity":1,"f:33:10:33:16":2,"s:34:8:41:Infinity":2,"f:44:10:44:16":3,"s:45:8:45:Infinity":3,"s:46:8:46:Infinity":4,"f:49:10:49:24":4,"s:50:21:50:Infinity":5,"b:51:8:51:Infinity:undefined:undefined:undefined:undefined":0,"s:51:8:51:Infinity":6,"s:51:23:51:Infinity":7,"b:52:8:52:Infinity:undefined:undefined:undefined:undefined":1,"s:52:8:52:Infinity":8,"s:52:21:52:Infinity":9,"b:53:8:53:Infinity:undefined:undefined:undefined:undefined":2,"s:53:8:53:Infinity":10,"s:53:42:53:Infinity":11,"s:55:8:62:Infinity":12}}}
,"/home/die/projects/workload/backend/src/infrastructure/repositories/PrismaWorkCenterRepository.js": {"path":"/home/die/projects/workload/backend/src/infrastructure/repositories/PrismaWorkCenterRepository.js","statementMap":{"0":{"start":{"line":5,"column":8},"end":{"line":9,"column":null}},"1":{"start":{"line":13,"column":8},"end":{"line":18,"column":null}},"2":{"start":{"line":22,"column":8},"end":{"line":22,"column":null}},"3":{"start":{"line":26,"column":8},"end":{"line":29,"column":null}},"4":{"start":{"line":33,"column":8},"end":{"line":33,"column":null}},"5":{"start":{"line":34,"column":8},"end":{"line":34,"column":null}},"6":{"start":{"line":38,"column":8},"end":{"line":38,"column":null}},"7":{"start":{"line":42,"column":30},"end":{"line":42,"column":null}},"8":{"start":{"line":43,"column":9},"end":{"line":49,"column":null}}},"fnMap":{"0":{"name":"(anonymous_0)","decl":{"start":{"line":4,"column":10},"end":{"line":4,"column":17}},"loc":{"start":{"line":4,"column":20},"end":{"line":10,"column":null}},"line":4},"1":{"name":"(anonymous_1)","decl":{"start":{"line":12,"column":10},"end":{"line":12,"column":18}},"loc":{"start":{"line":12,"column":23},"end":{"line":19,"column":null}},"line":12},"2":{"name":"(anonymous_2)","decl":{"start":{"line":21,"column":10},"end":{"line":21,"column":16}},"loc":{"start":{"line":21,"column":23},"end":{"line":23,"column":null}},"line":21},"3":{"name":"(anonymous_3)","decl":{"start":{"line":25,"column":10},"end":{"line":25,"column":16}},"loc":{"start":{"line":25,"column":27},"end":{"line":30,"column":null}},"line":25},"4":{"name":"(anonymous_4)","decl":{"start":{"line":32,"column":10},"end":{"line":32,"column":16}},"loc":{"start":{"line":32,"column":21},"end":{"line":35,"column":null}},"line":32},"5":{"name":"(anonymous_5)","decl":{"start":{"line":37,"column":10},"end":{"line":37,"column":36}},"loc":{"start":{"line":37,"column":51},"end":{"line":39,"column":null}},"line":37},"6":{"name":"(anonymous_6)","decl":{"start":{"line":41,"column":10},"end":{"line":41,"column":35}},"loc":{"start":{"line":41,"column":70},"end":{"line":50,"column":null}},"line":41}},"branchMap":{},"s":{"0":0,"1":0,"2":0,"3":0,"4":0,"5":0,"6":0,"7":0,"8":0},"f":{"0":0,"1":0,"2":0,"3":0,"4":0,"5":0,"6":0},"b":{},"meta":{"lastBranch":0,"lastFunction":7,"lastStatement":9,"seen":{"f:4:10:4:17":0,"s:5:8:9:Infinity":0,"f:12:10:12:18":1,"s:13:8:18:Infinity":1,"f:21:10:21:16":2,"s:22:8:22:Infinity":2,"f:25:10:25:16":3,"s:26:8:29:Infinity":3,"f:32:10:32:16":4,"s:33:8:33:Infinity":4,"s:34:8:34:Infinity":5,"f:37:10:37:36":5,"s:38:8:38:Infinity":6,"f:41:10:41:35":6,"s:42:30:42:Infinity":7,"s:43:9:49:Infinity":8}}}
,"/home/die/projects/workload/backend/src/infrastructure/repositories/PrismaWorkPackageRepository.js": {"path":"/home/die/projects/workload/backend/src/infrastructure/repositories/PrismaWorkPackageRepository.js","statementMap":{"0":{"start":{"line":5,"column":22},"end":{"line":5,"column":null}},"1":{"start":{"line":6,"column":8},"end":{"line":8,"column":null}},"2":{"start":{"line":7,"column":12},"end":{"line":7,"column":null}},"3":{"start":{"line":9,"column":8},"end":{"line":20,"column":null}},"4":{"start":{"line":24,"column":8},"end":{"line":34,"column":null}},"5":{"start":{"line":38,"column":8},"end":{"line":48,"column":null}},"6":{"start":{"line":52,"column":8},"end":{"line":56,"column":null}},"7":{"start":{"line":60,"column":8},"end":{"line":60,"column":null}},"8":{"start":{"line":61,"column":8},"end":{"line":61,"column":null}}},"fnMap":{"0":{"name":"(anonymous_0)","decl":{"start":{"line":4,"column":10},"end":{"line":4,"column":25}},"loc":{"start":{"line":4,"column":52},"end":{"line":21,"column":null}},"line":4},"1":{"name":"(anonymous_1)","decl":{"start":{"line":23,"column":10},"end":{"line":23,"column":18}},"loc":{"start":{"line":23,"column":23},"end":{"line":35,"column":null}},"line":23},"2":{"name":"(anonymous_2)","decl":{"start":{"line":37,"column":10},"end":{"line":37,"column":16}},"loc":{"start":{"line":37,"column":83},"end":{"line":49,"column":null}},"line":37},"3":{"name":"(anonymous_3)","decl":{"start":{"line":51,"column":10},"end":{"line":51,"column":16}},"loc":{"start":{"line":51,"column":27},"end":{"line":57,"column":null}},"line":51},"4":{"name":"(anonymous_4)","decl":{"start":{"line":59,"column":10},"end":{"line":59,"column":16}},"loc":{"start":{"line":59,"column":21},"end":{"line":62,"column":null}},"line":59}},"branchMap":{"0":{"loc":{"start":{"line":4,"column":37},"end":{"line":4,"column":50}},"type":"default-arg","locations":[{"start":{"line":4,"column":46},"end":{"line":4,"column":50}}],"line":4},"1":{"loc":{"start":{"line":6,"column":8},"end":{"line":8,"column":null}},"type":"if","locations":[{"start":{"line":6,"column":8},"end":{"line":8,"column":null}},{"start":{},"end":{}}],"line":6}},"s":{"0":0,"1":0,"2":0,"3":0,"4":0,"5":0,"6":0,"7":0,"8":0},"f":{"0":0,"1":0,"2":0,"3":0,"4":0},"b":{"0":[0],"1":[0,0]},"meta":{"lastBranch":2,"lastFunction":5,"lastStatement":9,"seen":{"f:4:10:4:25":0,"b:4:46:4:50":0,"s:5:22:5:Infinity":0,"b:6:8:8:Infinity:undefined:undefined:undefined:undefined":1,"s:6:8:8:Infinity":1,"s:7:12:7:Infinity":2,"s:9:8:20:Infinity":3,"f:23:10:23:18":1,"s:24:8:34:Infinity":4,"f:37:10:37:16":2,"s:38:8:48:Infinity":5,"f:51:10:51:16":3,"s:52:8:56:Infinity":6,"f:59:10:59:16":4,"s:60:8:60:Infinity":7,"s:61:8:61:Infinity":8}}}
}
